<?xml version="1.0" ?>
<!DOCTYPE coverage SYSTEM "http://cobertura.sourceforge.net/xml/coverage-04.dtd">
<!-- cobertura example file - generated by NYC - manually modified -->
<coverage lines-valid="22" lines-covered="16" line-rate="0.7273000000000001" branches-valid="4" branches-covered="2" branch-rate="0.5" timestamp="1576756029756" complexity="0" version="0.1">
  <sources>
    <source>/tmp/projects/coverage-test</source>
  </sources>
  <packages>
    <package name="coverage-test" line-rate="0.6842" branch-rate="0.5">
      <classes>
        <class name="index.js" filename="index.js" line-rate="0.6842" branch-rate="0.5">
          <methods>
            <method name="(anonymous_3)" hits="0" signature="()V">
              <lines>
                <line number="21" hits="0"/>
              </lines>
            </method>
          </methods>
          <lines>
            <line number="21" hits="1" branch="false"/>
            <line number="22" hits="0" branch="false"/>
            <line number="25" hits="1" branch="true" condition-coverage="50% (1/2)"/>
            <line number="26" hits="0" branch="false"/>
            <line number="27" hits="0" branch="false"/>
            <line number="28" hits="0" branch="false"/>
            <line number="29" hits="0" branch="false"/>
          </lines>
        </class>
      </classes>
    </package>
    <package name="coverage-test.lib.math" line-rate="1" branch-rate="1">
      <classes>
        <class name="add.js" filename="lib/math/add.js" line-rate="1" branch-rate="1">
          <methods>
            <method name="(anonymous_0)" hits="1" signature="()V">
              <lines>
                <line number="1" hits="1"/>
              </lines>
            </method>
          </methods>
          <lines>
            <line null="test" hits="1" branch="false"/>
            <line number="2" hits="1" branch="false"/>
            <line number="3" hits="1" branch="false"/>
          </lines>
        </class>
      </classes>
    </package>
  </packages>
</coverage>
