<?xml version='1.0'?> 
<!DOCTYPE coverage SYSTEM "http://cobertura.sourceforge.net/xml/coverage-04.dtd">
<!-- cobertura example file - generated by simplecov-cobertura - subset of gitlab-org/gitlab - manually modified -->
<!-- Generated by simplecov-cobertura version 1.3.1 (https://github.com/dashingrocket/simplecov-cobertura) -->
<coverage line-rate="0.5" branch-rate="0" lines-covered="73865" lines-valid="147397" branches-covered="0" branches-valid="0" complexity="0" version="0" timestamp="1577128350">
  <sources>
    <source>/tmp/projects/gitlab-ce/gitlab</source>
  </sources>
  <packages>
    <package name="Controllers" line-rate="0.43" branch-rate="0" complexity="0">
      <classes>
        <class name="abuse_reports_controller" filename="app/controllers/abuse_reports_controller.rb" line-rate="0.3" branch-rate="0" complexity="0">
          <methods/>
          <lines>
            <line number="3" branch="false" hits="1"/>
            <line number="4" branch="false" hits="1"/>
            <line number="6" branch="false" hits="1"/>
            <line number="7" branch="false" hits="0"/>
            <line number="8" branch="false" hits="0"/>
            <line number="9" branch="false" hits="0"/>
            <line number="12" branch="false" hits="1"/>
            <line number="13" branch="false" hits="0"/>
            <line number="14" branch="false" hits="0"/>
            <line number="16" branch="false" hits="0"/>
            <line number="17" branch="false" hits="0"/>
            <line number="19" branch="false" hits="0"/>
            <line number="20" branch="false" hits="0"/>
            <line number="22" branch="false" hits="0"/>
            <line number="26" branch="false" hits="1"/>
            <line number="28" branch="false" hits="1"/>
            <line number="29" branch="false" hits="0"/>
            <line number="36" branch="false" hits="1"/>
            <line number="37" branch="false" hits="0"/>
            <line number="39" branch="false" hits="0"/>
            <line number="40" branch="false" hits="0"/>
            <line number="41" branch="false" hits="0"/>
            <line number="42" branch="false" hits="0"/>
          </lines>
        </class>
      </classes>
    </package>
  </packages>
</coverage>