<?xml version="1.0" encoding="UTF-8"?>
<testsuite name="rspec" tests="1004" skipped="0" failures="1000" errors="0" time="0.202645" timestamp="2018-07-30T10:02:36+00:00" hostname="runner-7661726c-project-14-concurrent-0">
<properties>
<property name="seed" value="28152"/>
</properties>
<testcase classname="spec.test_spec" name="Test#sum when a is 1 and b is 2 returns summary" file="./spec/test_spec.rb" time="0.000368"></testcase>
<testcase classname="spec.test_spec" name="Test#sum when a is 100 and b is 200 returns summary" file="./spec/test_spec.rb" time="0.000069"></testcase>
<testcase classname="spec.test_spec" name="Test#subtract when a is 1 and b is 2 raises an error" file="./spec/test_spec.rb" time="0.000734"></testcase>
<testcase classname="spec.test_spec" name="Test#subtract when a is 2 and b is 1 returns correct result" file="./spec/test_spec.rb" time="0.000066"></testcase>
<testcase classname="spec.test_spec" name="Test#subtract1 fails" file="./spec/test_spec.rb" time="0.009856"><failure message="expected: falsey value
     got: true" type="RSpec::Expectations::ExpectationNotMetError">Failure/Error: expect(true).to be_falsy

  expected: falsey value
       got: true
./spec/test_spec.rb:52:in `block (3 levels) in &lt;top (required)&gt;&apos;</failure></testcase>
<testcase classname="spec.test_spec" name="Test#subtract2 fails" file="./spec/test_spec.rb" time="0.000185"><failure message="expected: falsey value
     got: true" type="RSpec::Expectations::ExpectationNotMetError">Failure/Error: expect(true).to be_falsy

  expected: falsey value
       got: true
./spec/test_spec.rb:59:in `block (3 levels) in &lt;top (required)&gt;&apos;</failure></testcase>
<testcase classname="spec.test_spec" name="Test#subtract3 fails" file="./spec/test_spec.rb" time="0.000102"><failure message="expected: falsey value
     got: true" type="RSpec::Expectations::ExpectationNotMetError">Failure/Error: expect(true).to be_falsy

  expected: falsey value
       got: true
./spec/test_spec.rb:66:in `block (3 levels) in &lt;top (required)&gt;&apos;</failure></testcase>
<testcase classname="spec.test_spec" name="Test#subtract4 fails" file="./spec/test_spec.rb" time="0.000098"><failure message="expected: falsey value
     got: true" type="RSpec::Expectations::ExpectationNotMetError">Failure/Error: expect(true).to be_falsy

  expected: falsey value
       got: true
./spec/test_spec.rb:73:in `block (3 levels) in &lt;top (required)&gt;&apos;</failure></testcase>
<testcase classname="spec.test_spec" name="Test#subtract5 fails" file="./spec/test_spec.rb" time="0.000100"><failure message="expected: falsey value
     got: true" type="RSpec::Expectations::ExpectationNotMetError">Failure/Error: expect(true).to be_falsy

  expected: falsey value
       got: true
./spec/test_spec.rb:80:in `block (3 levels) in &lt;top (required)&gt;&apos;</failure></testcase>
<testcase classname="spec.test_spec" name="Test#subtract6 fails" file="./spec/test_spec.rb" time="0.000101"><failure message="expected: falsey value
     got: true" type="RSpec::Expectations::ExpectationNotMetError">Failure/Error: expect(true).to be_falsy

  expected: falsey value
       got: true
./spec/test_spec.rb:87:in `block (3 levels) in &lt;top (required)&gt;&apos;</failure></testcase>
<testcase classname="spec.test_spec" name="Test#subtract7 fails" file="./spec/test_spec.rb" time="0.000099"><failure message="expected: falsey value
     got: true" type="RSpec::Expectations::ExpectationNotMetError">Failure/Error: expect(true).to be_falsy

  expected: falsey value
       got: true
./spec/test_spec.rb:94:in `block (3 levels) in &lt;top (required)&gt;&apos;</failure></testcase>
<testcase classname="spec.test_spec" name="Test#subtract8 fails" file="./spec/test_spec.rb" time="0.000101"><failure message="expected: falsey value
     got: true" type="RSpec::Expectations::ExpectationNotMetError">Failure/Error: expect(true).to be_falsy

  expected: falsey value
       got: true
./spec/test_spec.rb:101:in `block (3 levels) in &lt;top (required)&gt;&apos;</failure></testcase>
<testcase classname="spec.test_spec" name="Test#subtract9 fails" file="./spec/test_spec.rb" time="0.000101"><failure message="expected: falsey value
     got: true" type="RSpec::Expectations::ExpectationNotMetError">Failure/Error: expect(true).to be_falsy

  expected: falsey value
       got: true
./spec/test_spec.rb:108:in `block (3 levels) in &lt;top (required)&gt;&apos;</failure></testcase>
<testcase classname="spec.test_spec" name="Test#subtract10 fails" file="./spec/test_spec.rb" time="0.013083"><failure message="expected: falsey value
     got: true" type="RSpec::Expectations::ExpectationNotMetError">Failure/Error: expect(true).to be_falsy

  expected: falsey value
       got: true
./spec/test_spec.rb:115:in `block (3 levels) in &lt;top (required)&gt;&apos;</failure></testcase>
<testcase classname="spec.test_spec" name="Test#subtract11 fails" file="./spec/test_spec.rb" time="0.000117"><failure message="expected: falsey value
     got: true" type="RSpec::Expectations::ExpectationNotMetError">Failure/Error: expect(true).to be_falsy

  expected: falsey value
       got: true
./spec/test_spec.rb:122:in `block (3 levels) in &lt;top (required)&gt;&apos;</failure></testcase>
<testcase classname="spec.test_spec" name="Test#subtract12 fails" file="./spec/test_spec.rb" time="0.000086"><failure message="expected: falsey value
     got: true" type="RSpec::Expectations::ExpectationNotMetError">Failure/Error: expect(true).to be_falsy

  expected: falsey value
       got: true
./spec/test_spec.rb:129:in `block (3 levels) in &lt;top (required)&gt;&apos;</failure></testcase>
<testcase classname="spec.test_spec" name="Test#subtract13 fails" file="./spec/test_spec.rb" time="0.000087"><failure message="expected: falsey value
     got: true" type="RSpec::Expectations::ExpectationNotMetError">Failure/Error: expect(true).to be_falsy

  expected: falsey value
       got: true
./spec/test_spec.rb:136:in `block (3 levels) in &lt;top (required)&gt;&apos;</failure></testcase>
<testcase classname="spec.test_spec" name="Test#subtract14 fails" file="./spec/test_spec.rb" time="0.000095"><failure message="expected: falsey value
     got: true" type="RSpec::Expectations::ExpectationNotMetError">Failure/Error: expect(true).to be_falsy

  expected: falsey value
       got: true
./spec/test_spec.rb:143:in `block (3 levels) in &lt;top (required)&gt;&apos;</failure></testcase>
<testcase classname="spec.test_spec" name="Test#subtract15 fails" file="./spec/test_spec.rb" time="0.000094"><failure message="expected: falsey value
     got: true" type="RSpec::Expectations::ExpectationNotMetError">Failure/Error: expect(true).to be_falsy

  expected: falsey value
       got: true
./spec/test_spec.rb:150:in `block (3 levels) in &lt;top (required)&gt;&apos;</failure></testcase>
<testcase classname="spec.test_spec" name="Test#subtract16 fails" file="./spec/test_spec.rb" time="0.000085"><failure message="expected: falsey value
     got: true" type="RSpec::Expectations::ExpectationNotMetError">Failure/Error: expect(true).to be_falsy

  expected: falsey value
       got: true
./spec/test_spec.rb:157:in `block (3 levels) in &lt;top (required)&gt;&apos;</failure></testcase>
<testcase classname="spec.test_spec" name="Test#subtract17 fails" file="./spec/test_spec.rb" time="0.000082"><failure message="expected: falsey value
     got: true" type="RSpec::Expectations::ExpectationNotMetError">Failure/Error: expect(true).to be_falsy

  expected: falsey value
       got: true
./spec/test_spec.rb:164:in `block (3 levels) in &lt;top (required)&gt;&apos;</failure></testcase>
<testcase classname="spec.test_spec" name="Test#subtract18 fails" file="./spec/test_spec.rb" time="0.000092"><failure message="expected: falsey value
     got: true" type="RSpec::Expectations::ExpectationNotMetError">Failure/Error: expect(true).to be_falsy

  expected: falsey value
       got: true
./spec/test_spec.rb:171:in `block (3 levels) in &lt;top (required)&gt;&apos;</failure></testcase>
<testcase classname="spec.test_spec" name="Test#subtract19 fails" file="./spec/test_spec.rb" time="0.000093"><failure message="expected: falsey value
     got: true" type="RSpec::Expectations::ExpectationNotMetError">Failure/Error: expect(true).to be_falsy

  expected: falsey value
       got: true
./spec/test_spec.rb:178:in `block (3 levels) in &lt;top (required)&gt;&apos;</failure></testcase>
<testcase classname="spec.test_spec" name="Test#subtract20 fails" file="./spec/test_spec.rb" time="0.000099"><failure message="expected: falsey value
     got: true" type="RSpec::Expectations::ExpectationNotMetError">Failure/Error: expect(true).to be_falsy

  expected: falsey value
       got: true
./spec/test_spec.rb:185:in `block (3 levels) in &lt;top (required)&gt;&apos;</failure></testcase>
<testcase classname="spec.test_spec" name="Test#subtract21 fails" file="./spec/test_spec.rb" time="0.000081"><failure message="expected: falsey value
     got: true" type="RSpec::Expectations::ExpectationNotMetError">Failure/Error: expect(true).to be_falsy

  expected: falsey value
       got: true
./spec/test_spec.rb:192:in `block (3 levels) in &lt;top (required)&gt;&apos;</failure></testcase>
<testcase classname="spec.test_spec" name="Test#subtract22 fails" file="./spec/test_spec.rb" time="0.000096"><failure message="expected: falsey value
     got: true" type="RSpec::Expectations::ExpectationNotMetError">Failure/Error: expect(true).to be_falsy

  expected: falsey value
       got: true
./spec/test_spec.rb:199:in `block (3 levels) in &lt;top (required)&gt;&apos;</failure></testcase>
<testcase classname="spec.test_spec" name="Test#subtract23 fails" file="./spec/test_spec.rb" time="0.000090"><failure message="expected: falsey value
     got: true" type="RSpec::Expectations::ExpectationNotMetError">Failure/Error: expect(true).to be_falsy

  expected: falsey value
       got: true
./spec/test_spec.rb:206:in `block (3 levels) in &lt;top (required)&gt;&apos;</failure></testcase>
<testcase classname="spec.test_spec" name="Test#subtract24 fails" file="./spec/test_spec.rb" time="0.000092"><failure message="expected: falsey value
     got: true" type="RSpec::Expectations::ExpectationNotMetError">Failure/Error: expect(true).to be_falsy

  expected: falsey value
       got: true
./spec/test_spec.rb:213:in `block (3 levels) in &lt;top (required)&gt;&apos;</failure></testcase>
<testcase classname="spec.test_spec" name="Test#subtract25 fails" file="./spec/test_spec.rb" time="0.000082"><failure message="expected: falsey value
     got: true" type="RSpec::Expectations::ExpectationNotMetError">Failure/Error: expect(true).to be_falsy

  expected: falsey value
       got: true
./spec/test_spec.rb:220:in `block (3 levels) in &lt;top (required)&gt;&apos;</failure></testcase>
<testcase classname="spec.test_spec" name="Test#subtract26 fails" file="./spec/test_spec.rb" time="0.000090"><failure message="expected: falsey value
     got: true" type="RSpec::Expectations::ExpectationNotMetError">Failure/Error: expect(true).to be_falsy

  expected: falsey value
       got: true
./spec/test_spec.rb:227:in `block (3 levels) in &lt;top (required)&gt;&apos;</failure></testcase>
<testcase classname="spec.test_spec" name="Test#subtract27 fails" file="./spec/test_spec.rb" time="0.000092"><failure message="expected: falsey value
     got: true" type="RSpec::Expectations::ExpectationNotMetError">Failure/Error: expect(true).to be_falsy

  expected: falsey value
       got: true
./spec/test_spec.rb:234:in `block (3 levels) in &lt;top (required)&gt;&apos;</failure></testcase>
<testcase classname="spec.test_spec" name="Test#subtract28 fails" file="./spec/test_spec.rb" time="0.000091"><failure message="expected: falsey value
     got: true" type="RSpec::Expectations::ExpectationNotMetError">Failure/Error: expect(true).to be_falsy

  expected: falsey value
       got: true
./spec/test_spec.rb:241:in `block (3 levels) in &lt;top (required)&gt;&apos;</failure></testcase>
<testcase classname="spec.test_spec" name="Test#subtract29 fails" file="./spec/test_spec.rb" time="0.000083"><failure message="expected: falsey value
     got: true" type="RSpec::Expectations::ExpectationNotMetError">Failure/Error: expect(true).to be_falsy

  expected: falsey value
       got: true
./spec/test_spec.rb:248:in `block (3 levels) in &lt;top (required)&gt;&apos;</failure></testcase>
<testcase classname="spec.test_spec" name="Test#subtract30 fails" file="./spec/test_spec.rb" time="0.000079"><failure message="expected: falsey value
     got: true" type="RSpec::Expectations::ExpectationNotMetError">Failure/Error: expect(true).to be_falsy

  expected: falsey value
       got: true
./spec/test_spec.rb:255:in `block (3 levels) in &lt;top (required)&gt;&apos;</failure></testcase>
<testcase classname="spec.test_spec" name="Test#subtract31 fails" file="./spec/test_spec.rb" time="0.000091"><failure message="expected: falsey value
     got: true" type="RSpec::Expectations::ExpectationNotMetError">Failure/Error: expect(true).to be_falsy

  expected: falsey value
       got: true
./spec/test_spec.rb:262:in `block (3 levels) in &lt;top (required)&gt;&apos;</failure></testcase>
<testcase classname="spec.test_spec" name="Test#subtract32 fails" file="./spec/test_spec.rb" time="0.000095"><failure message="expected: falsey value
     got: true" type="RSpec::Expectations::ExpectationNotMetError">Failure/Error: expect(true).to be_falsy

  expected: falsey value
       got: true
./spec/test_spec.rb:269:in `block (3 levels) in &lt;top (required)&gt;&apos;</failure></testcase>
<testcase classname="spec.test_spec" name="Test#subtract33 fails" file="./spec/test_spec.rb" time="0.000081"><failure message="expected: falsey value
     got: true" type="RSpec::Expectations::ExpectationNotMetError">Failure/Error: expect(true).to be_falsy

  expected: falsey value
       got: true
./spec/test_spec.rb:276:in `block (3 levels) in &lt;top (required)&gt;&apos;</failure></testcase>
<testcase classname="spec.test_spec" name="Test#subtract34 fails" file="./spec/test_spec.rb" time="0.000080"><failure message="expected: falsey value
     got: true" type="RSpec::Expectations::ExpectationNotMetError">Failure/Error: expect(true).to be_falsy

  expected: falsey value
       got: true
./spec/test_spec.rb:283:in `block (3 levels) in &lt;top (required)&gt;&apos;</failure></testcase>
<testcase classname="spec.test_spec" name="Test#subtract35 fails" file="./spec/test_spec.rb" time="0.000095"><failure message="expected: falsey value
     got: true" type="RSpec::Expectations::ExpectationNotMetError">Failure/Error: expect(true).to be_falsy

  expected: falsey value
       got: true
./spec/test_spec.rb:290:in `block (3 levels) in &lt;top (required)&gt;&apos;</failure></testcase>
<testcase classname="spec.test_spec" name="Test#subtract36 fails" file="./spec/test_spec.rb" time="0.000091"><failure message="expected: falsey value
     got: true" type="RSpec::Expectations::ExpectationNotMetError">Failure/Error: expect(true).to be_falsy

  expected: falsey value
       got: true
./spec/test_spec.rb:297:in `block (3 levels) in &lt;top (required)&gt;&apos;</failure></testcase>
<testcase classname="spec.test_spec" name="Test#subtract37 fails" file="./spec/test_spec.rb" time="0.000091"><failure message="expected: falsey value
     got: true" type="RSpec::Expectations::ExpectationNotMetError">Failure/Error: expect(true).to be_falsy

  expected: falsey value
       got: true
./spec/test_spec.rb:304:in `block (3 levels) in &lt;top (required)&gt;&apos;</failure></testcase>
<testcase classname="spec.test_spec" name="Test#subtract38 fails" file="./spec/test_spec.rb" time="0.000080"><failure message="expected: falsey value
     got: true" type="RSpec::Expectations::ExpectationNotMetError">Failure/Error: expect(true).to be_falsy

  expected: falsey value
       got: true
./spec/test_spec.rb:311:in `block (3 levels) in &lt;top (required)&gt;&apos;</failure></testcase>
<testcase classname="spec.test_spec" name="Test#subtract39 fails" file="./spec/test_spec.rb" time="0.000090"><failure message="expected: falsey value
     got: true" type="RSpec::Expectations::ExpectationNotMetError">Failure/Error: expect(true).to be_falsy

  expected: falsey value
       got: true
./spec/test_spec.rb:318:in `block (3 levels) in &lt;top (required)&gt;&apos;</failure></testcase>
<testcase classname="spec.test_spec" name="Test#subtract40 fails" file="./spec/test_spec.rb" time="0.000090"><failure message="expected: falsey value
     got: true" type="RSpec::Expectations::ExpectationNotMetError">Failure/Error: expect(true).to be_falsy

  expected: falsey value
       got: true
./spec/test_spec.rb:325:in `block (3 levels) in &lt;top (required)&gt;&apos;</failure></testcase>
<testcase classname="spec.test_spec" name="Test#subtract41 fails" file="./spec/test_spec.rb" time="0.000092"><failure message="expected: falsey value
     got: true" type="RSpec::Expectations::ExpectationNotMetError">Failure/Error: expect(true).to be_falsy

  expected: falsey value
       got: true
./spec/test_spec.rb:332:in `block (3 levels) in &lt;top (required)&gt;&apos;</failure></testcase>
<testcase classname="spec.test_spec" name="Test#subtract42 fails" file="./spec/test_spec.rb" time="0.000080"><failure message="expected: falsey value
     got: true" type="RSpec::Expectations::ExpectationNotMetError">Failure/Error: expect(true).to be_falsy

  expected: falsey value
       got: true
./spec/test_spec.rb:339:in `block (3 levels) in &lt;top (required)&gt;&apos;</failure></testcase>
<testcase classname="spec.test_spec" name="Test#subtract43 fails" file="./spec/test_spec.rb" time="0.000079"><failure message="expected: falsey value
     got: true" type="RSpec::Expectations::ExpectationNotMetError">Failure/Error: expect(true).to be_falsy

  expected: falsey value
       got: true
./spec/test_spec.rb:346:in `block (3 levels) in &lt;top (required)&gt;&apos;</failure></testcase>
<testcase classname="spec.test_spec" name="Test#subtract44 fails" file="./spec/test_spec.rb" time="0.000091"><failure message="expected: falsey value
     got: true" type="RSpec::Expectations::ExpectationNotMetError">Failure/Error: expect(true).to be_falsy

  expected: falsey value
       got: true
./spec/test_spec.rb:353:in `block (3 levels) in &lt;top (required)&gt;&apos;</failure></testcase>
<testcase classname="spec.test_spec" name="Test#subtract45 fails" file="./spec/test_spec.rb" time="0.000095"><failure message="expected: falsey value
     got: true" type="RSpec::Expectations::ExpectationNotMetError">Failure/Error: expect(true).to be_falsy

  expected: falsey value
       got: true
./spec/test_spec.rb:360:in `block (3 levels) in &lt;top (required)&gt;&apos;</failure></testcase>
<testcase classname="spec.test_spec" name="Test#subtract46 fails" file="./spec/test_spec.rb" time="0.000081"><failure message="expected: falsey value
     got: true" type="RSpec::Expectations::ExpectationNotMetError">Failure/Error: expect(true).to be_falsy

  expected: falsey value
       got: true
./spec/test_spec.rb:367:in `block (3 levels) in &lt;top (required)&gt;&apos;</failure></testcase>
<testcase classname="spec.test_spec" name="Test#subtract47 fails" file="./spec/test_spec.rb" time="0.000079"><failure message="expected: falsey value
     got: true" type="RSpec::Expectations::ExpectationNotMetError">Failure/Error: expect(true).to be_falsy

  expected: falsey value
       got: true
./spec/test_spec.rb:374:in `block (3 levels) in &lt;top (required)&gt;&apos;</failure></testcase>
<testcase classname="spec.test_spec" name="Test#subtract48 fails" file="./spec/test_spec.rb" time="0.000093"><failure message="expected: falsey value
     got: true" type="RSpec::Expectations::ExpectationNotMetError">Failure/Error: expect(true).to be_falsy

  expected: falsey value
       got: true
./spec/test_spec.rb:381:in `block (3 levels) in &lt;top (required)&gt;&apos;</failure></testcase>
<testcase classname="spec.test_spec" name="Test#subtract49 fails" file="./spec/test_spec.rb" time="0.000093"><failure message="expected: falsey value
     got: true" type="RSpec::Expectations::ExpectationNotMetError">Failure/Error: expect(true).to be_falsy

  expected: falsey value
       got: true
./spec/test_spec.rb:388:in `block (3 levels) in &lt;top (required)&gt;&apos;</failure></testcase>
<testcase classname="spec.test_spec" name="Test#subtract50 fails" file="./spec/test_spec.rb" time="0.000090"><failure message="expected: falsey value
     got: true" type="RSpec::Expectations::ExpectationNotMetError">Failure/Error: expect(true).to be_falsy

  expected: falsey value
       got: true
./spec/test_spec.rb:395:in `block (3 levels) in &lt;top (required)&gt;&apos;</failure></testcase>
<testcase classname="spec.test_spec" name="Test#subtract51 fails" file="./spec/test_spec.rb" time="0.000079"><failure message="expected: falsey value
     got: true" type="RSpec::Expectations::ExpectationNotMetError">Failure/Error: expect(true).to be_falsy

  expected: falsey value
       got: true
./spec/test_spec.rb:402:in `block (3 levels) in &lt;top (required)&gt;&apos;</failure></testcase>
<testcase classname="spec.test_spec" name="Test#subtract52 fails" file="./spec/test_spec.rb" time="0.000087"><failure message="expected: falsey value
     got: true" type="RSpec::Expectations::ExpectationNotMetError">Failure/Error: expect(true).to be_falsy

  expected: falsey value
       got: true
./spec/test_spec.rb:409:in `block (3 levels) in &lt;top (required)&gt;&apos;</failure></testcase>
<testcase classname="spec.test_spec" name="Test#subtract53 fails" file="./spec/test_spec.rb" time="0.000091"><failure message="expected: falsey value
     got: true" type="RSpec::Expectations::ExpectationNotMetError">Failure/Error: expect(true).to be_falsy

  expected: falsey value
       got: true
./spec/test_spec.rb:416:in `block (3 levels) in &lt;top (required)&gt;&apos;</failure></testcase>
<testcase classname="spec.test_spec" name="Test#subtract54 fails" file="./spec/test_spec.rb" time="0.000091"><failure message="expected: falsey value
     got: true" type="RSpec::Expectations::ExpectationNotMetError">Failure/Error: expect(true).to be_falsy

  expected: falsey value
       got: true
./spec/test_spec.rb:423:in `block (3 levels) in &lt;top (required)&gt;&apos;</failure></testcase>
<testcase classname="spec.test_spec" name="Test#subtract55 fails" file="./spec/test_spec.rb" time="0.000079"><failure message="expected: falsey value
     got: true" type="RSpec::Expectations::ExpectationNotMetError">Failure/Error: expect(true).to be_falsy

  expected: falsey value
       got: true
./spec/test_spec.rb:430:in `block (3 levels) in &lt;top (required)&gt;&apos;</failure></testcase>
<testcase classname="spec.test_spec" name="Test#subtract56 fails" file="./spec/test_spec.rb" time="0.000082"><failure message="expected: falsey value
     got: true" type="RSpec::Expectations::ExpectationNotMetError">Failure/Error: expect(true).to be_falsy

  expected: falsey value
       got: true
./spec/test_spec.rb:437:in `block (3 levels) in &lt;top (required)&gt;&apos;</failure></testcase>
<testcase classname="spec.test_spec" name="Test#subtract57 fails" file="./spec/test_spec.rb" time="0.000091"><failure message="expected: falsey value
     got: true" type="RSpec::Expectations::ExpectationNotMetError">Failure/Error: expect(true).to be_falsy

  expected: falsey value
       got: true
./spec/test_spec.rb:444:in `block (3 levels) in &lt;top (required)&gt;&apos;</failure></testcase>
<testcase classname="spec.test_spec" name="Test#subtract58 fails" file="./spec/test_spec.rb" time="0.000110"><failure message="expected: falsey value
     got: true" type="RSpec::Expectations::ExpectationNotMetError">Failure/Error: expect(true).to be_falsy

  expected: falsey value
       got: true
./spec/test_spec.rb:451:in `block (3 levels) in &lt;top (required)&gt;&apos;</failure></testcase>
<testcase classname="spec.test_spec" name="Test#subtract59 fails" file="./spec/test_spec.rb" time="0.000083"><failure message="expected: falsey value
     got: true" type="RSpec::Expectations::ExpectationNotMetError">Failure/Error: expect(true).to be_falsy

  expected: falsey value
       got: true
./spec/test_spec.rb:458:in `block (3 levels) in &lt;top (required)&gt;&apos;</failure></testcase>
<testcase classname="spec.test_spec" name="Test#subtract60 fails" file="./spec/test_spec.rb" time="0.000079"><failure message="expected: falsey value
     got: true" type="RSpec::Expectations::ExpectationNotMetError">Failure/Error: expect(true).to be_falsy

  expected: falsey value
       got: true
./spec/test_spec.rb:465:in `block (3 levels) in &lt;top (required)&gt;&apos;</failure></testcase>
<testcase classname="spec.test_spec" name="Test#subtract61 fails" file="./spec/test_spec.rb" time="0.000089"><failure message="expected: falsey value
     got: true" type="RSpec::Expectations::ExpectationNotMetError">Failure/Error: expect(true).to be_falsy

  expected: falsey value
       got: true
./spec/test_spec.rb:472:in `block (3 levels) in &lt;top (required)&gt;&apos;</failure></testcase>
<testcase classname="spec.test_spec" name="Test#subtract62 fails" file="./spec/test_spec.rb" time="0.000094"><failure message="expected: falsey value
     got: true" type="RSpec::Expectations::ExpectationNotMetError">Failure/Error: expect(true).to be_falsy

  expected: falsey value
       got: true
./spec/test_spec.rb:479:in `block (3 levels) in &lt;top (required)&gt;&apos;</failure></testcase>
<testcase classname="spec.test_spec" name="Test#subtract63 fails" file="./spec/test_spec.rb" time="0.000091"><failure message="expected: falsey value
     got: true" type="RSpec::Expectations::ExpectationNotMetError">Failure/Error: expect(true).to be_falsy

  expected: falsey value
       got: true
./spec/test_spec.rb:486:in `block (3 levels) in &lt;top (required)&gt;&apos;</failure></testcase>
<testcase classname="spec.test_spec" name="Test#subtract64 fails" file="./spec/test_spec.rb" time="0.000079"><failure message="expected: falsey value
     got: true" type="RSpec::Expectations::ExpectationNotMetError">Failure/Error: expect(true).to be_falsy

  expected: falsey value
       got: true
./spec/test_spec.rb:493:in `block (3 levels) in &lt;top (required)&gt;&apos;</failure></testcase>
<testcase classname="spec.test_spec" name="Test#subtract65 fails" file="./spec/test_spec.rb" time="0.000091"><failure message="expected: falsey value
     got: true" type="RSpec::Expectations::ExpectationNotMetError">Failure/Error: expect(true).to be_falsy

  expected: falsey value
       got: true
./spec/test_spec.rb:500:in `block (3 levels) in &lt;top (required)&gt;&apos;</failure></testcase>
<testcase classname="spec.test_spec" name="Test#subtract66 fails" file="./spec/test_spec.rb" time="0.000092"><failure message="expected: falsey value
     got: true" type="RSpec::Expectations::ExpectationNotMetError">Failure/Error: expect(true).to be_falsy

  expected: falsey value
       got: true
./spec/test_spec.rb:507:in `block (3 levels) in &lt;top (required)&gt;&apos;</failure></testcase>
<testcase classname="spec.test_spec" name="Test#subtract67 fails" file="./spec/test_spec.rb" time="0.000091"><failure message="expected: falsey value
     got: true" type="RSpec::Expectations::ExpectationNotMetError">Failure/Error: expect(true).to be_falsy

  expected: falsey value
       got: true
./spec/test_spec.rb:514:in `block (3 levels) in &lt;top (required)&gt;&apos;</failure></testcase>
<testcase classname="spec.test_spec" name="Test#subtract68 fails" file="./spec/test_spec.rb" time="0.000083"><failure message="expected: falsey value
     got: true" type="RSpec::Expectations::ExpectationNotMetError">Failure/Error: expect(true).to be_falsy

  expected: falsey value
       got: true
./spec/test_spec.rb:521:in `block (3 levels) in &lt;top (required)&gt;&apos;</failure></testcase>
<testcase classname="spec.test_spec" name="Test#subtract69 fails" file="./spec/test_spec.rb" time="0.000080"><failure message="expected: falsey value
     got: true" type="RSpec::Expectations::ExpectationNotMetError">Failure/Error: expect(true).to be_falsy

  expected: falsey value
       got: true
./spec/test_spec.rb:528:in `block (3 levels) in &lt;top (required)&gt;&apos;</failure></testcase>
<testcase classname="spec.test_spec" name="Test#subtract70 fails" file="./spec/test_spec.rb" time="0.000092"><failure message="expected: falsey value
     got: true" type="RSpec::Expectations::ExpectationNotMetError">Failure/Error: expect(true).to be_falsy

  expected: falsey value
       got: true
./spec/test_spec.rb:535:in `block (3 levels) in &lt;top (required)&gt;&apos;</failure></testcase>
<testcase classname="spec.test_spec" name="Test#subtract71 fails" file="./spec/test_spec.rb" time="0.000092"><failure message="expected: falsey value
     got: true" type="RSpec::Expectations::ExpectationNotMetError">Failure/Error: expect(true).to be_falsy

  expected: falsey value
       got: true
./spec/test_spec.rb:542:in `block (3 levels) in &lt;top (required)&gt;&apos;</failure></testcase>
<testcase classname="spec.test_spec" name="Test#subtract72 fails" file="./spec/test_spec.rb" time="0.000081"><failure message="expected: falsey value
     got: true" type="RSpec::Expectations::ExpectationNotMetError">Failure/Error: expect(true).to be_falsy

  expected: falsey value
       got: true
./spec/test_spec.rb:549:in `block (3 levels) in &lt;top (required)&gt;&apos;</failure></testcase>
<testcase classname="spec.test_spec" name="Test#subtract73 fails" file="./spec/test_spec.rb" time="0.000079"><failure message="expected: falsey value
     got: true" type="RSpec::Expectations::ExpectationNotMetError">Failure/Error: expect(true).to be_falsy

  expected: falsey value
       got: true
./spec/test_spec.rb:556:in `block (3 levels) in &lt;top (required)&gt;&apos;</failure></testcase>
<testcase classname="spec.test_spec" name="Test#subtract74 fails" file="./spec/test_spec.rb" time="0.000091"><failure message="expected: falsey value
     got: true" type="RSpec::Expectations::ExpectationNotMetError">Failure/Error: expect(true).to be_falsy

  expected: falsey value
       got: true
./spec/test_spec.rb:563:in `block (3 levels) in &lt;top (required)&gt;&apos;</failure></testcase>
<testcase classname="spec.test_spec" name="Test#subtract75 fails" file="./spec/test_spec.rb" time="0.000093"><failure message="expected: falsey value
     got: true" type="RSpec::Expectations::ExpectationNotMetError">Failure/Error: expect(true).to be_falsy

  expected: falsey value
       got: true
./spec/test_spec.rb:570:in `block (3 levels) in &lt;top (required)&gt;&apos;</failure></testcase>
<testcase classname="spec.test_spec" name="Test#subtract76 fails" file="./spec/test_spec.rb" time="0.000081"><failure message="expected: falsey value
     got: true" type="RSpec::Expectations::ExpectationNotMetError">Failure/Error: expect(true).to be_falsy

  expected: falsey value
       got: true
./spec/test_spec.rb:577:in `block (3 levels) in &lt;top (required)&gt;&apos;</failure></testcase>
<testcase classname="spec.test_spec" name="Test#subtract77 fails" file="./spec/test_spec.rb" time="0.000080"><failure message="expected: falsey value
     got: true" type="RSpec::Expectations::ExpectationNotMetError">Failure/Error: expect(true).to be_falsy

  expected: falsey value
       got: true
./spec/test_spec.rb:584:in `block (3 levels) in &lt;top (required)&gt;&apos;</failure></testcase>
<testcase classname="spec.test_spec" name="Test#subtract78 fails" file="./spec/test_spec.rb" time="0.000092"><failure message="expected: falsey value
     got: true" type="RSpec::Expectations::ExpectationNotMetError">Failure/Error: expect(true).to be_falsy

  expected: falsey value
       got: true
./spec/test_spec.rb:591:in `block (3 levels) in &lt;top (required)&gt;&apos;</failure></testcase>
<testcase classname="spec.test_spec" name="Test#subtract79 fails" file="./spec/test_spec.rb" time="0.000092"><failure message="expected: falsey value
     got: true" type="RSpec::Expectations::ExpectationNotMetError">Failure/Error: expect(true).to be_falsy

  expected: falsey value
       got: true
./spec/test_spec.rb:598:in `block (3 levels) in &lt;top (required)&gt;&apos;</failure></testcase>
<testcase classname="spec.test_spec" name="Test#subtract80 fails" file="./spec/test_spec.rb" time="0.000092"><failure message="expected: falsey value
     got: true" type="RSpec::Expectations::ExpectationNotMetError">Failure/Error: expect(true).to be_falsy

  expected: falsey value
       got: true
./spec/test_spec.rb:605:in `block (3 levels) in &lt;top (required)&gt;&apos;</failure></testcase>
<testcase classname="spec.test_spec" name="Test#subtract81 fails" file="./spec/test_spec.rb" time="0.000082"><failure message="expected: falsey value
     got: true" type="RSpec::Expectations::ExpectationNotMetError">Failure/Error: expect(true).to be_falsy

  expected: falsey value
       got: true
./spec/test_spec.rb:612:in `block (3 levels) in &lt;top (required)&gt;&apos;</failure></testcase>
<testcase classname="spec.test_spec" name="Test#subtract82 fails" file="./spec/test_spec.rb" time="0.000086"><failure message="expected: falsey value
     got: true" type="RSpec::Expectations::ExpectationNotMetError">Failure/Error: expect(true).to be_falsy

  expected: falsey value
       got: true
./spec/test_spec.rb:619:in `block (3 levels) in &lt;top (required)&gt;&apos;</failure></testcase>
<testcase classname="spec.test_spec" name="Test#subtract83 fails" file="./spec/test_spec.rb" time="0.000091"><failure message="expected: falsey value
     got: true" type="RSpec::Expectations::ExpectationNotMetError">Failure/Error: expect(true).to be_falsy

  expected: falsey value
       got: true
./spec/test_spec.rb:626:in `block (3 levels) in &lt;top (required)&gt;&apos;</failure></testcase>
<testcase classname="spec.test_spec" name="Test#subtract84 fails" file="./spec/test_spec.rb" time="0.000091"><failure message="expected: falsey value
     got: true" type="RSpec::Expectations::ExpectationNotMetError">Failure/Error: expect(true).to be_falsy

  expected: falsey value
       got: true
./spec/test_spec.rb:633:in `block (3 levels) in &lt;top (required)&gt;&apos;</failure></testcase>
<testcase classname="spec.test_spec" name="Test#subtract85 fails" file="./spec/test_spec.rb" time="0.000082"><failure message="expected: falsey value
     got: true" type="RSpec::Expectations::ExpectationNotMetError">Failure/Error: expect(true).to be_falsy

  expected: falsey value
       got: true
./spec/test_spec.rb:640:in `block (3 levels) in &lt;top (required)&gt;&apos;</failure></testcase>
<testcase classname="spec.test_spec" name="Test#subtract86 fails" file="./spec/test_spec.rb" time="0.000080"><failure message="expected: falsey value
     got: true" type="RSpec::Expectations::ExpectationNotMetError">Failure/Error: expect(true).to be_falsy

  expected: falsey value
       got: true
./spec/test_spec.rb:647:in `block (3 levels) in &lt;top (required)&gt;&apos;</failure></testcase>
<testcase classname="spec.test_spec" name="Test#subtract87 fails" file="./spec/test_spec.rb" time="0.000091"><failure message="expected: falsey value
     got: true" type="RSpec::Expectations::ExpectationNotMetError">Failure/Error: expect(true).to be_falsy

  expected: falsey value
       got: true
./spec/test_spec.rb:654:in `block (3 levels) in &lt;top (required)&gt;&apos;</failure></testcase>
<testcase classname="spec.test_spec" name="Test#subtract88 fails" file="./spec/test_spec.rb" time="0.000092"><failure message="expected: falsey value
     got: true" type="RSpec::Expectations::ExpectationNotMetError">Failure/Error: expect(true).to be_falsy

  expected: falsey value
       got: true
./spec/test_spec.rb:661:in `block (3 levels) in &lt;top (required)&gt;&apos;</failure></testcase>
<testcase classname="spec.test_spec" name="Test#subtract89 fails" file="./spec/test_spec.rb" time="0.000094"><failure message="expected: falsey value
     got: true" type="RSpec::Expectations::ExpectationNotMetError">Failure/Error: expect(true).to be_falsy

  expected: falsey value
       got: true
./spec/test_spec.rb:668:in `block (3 levels) in &lt;top (required)&gt;&apos;</failure></testcase>
<testcase classname="spec.test_spec" name="Test#subtract90 fails" file="./spec/test_spec.rb" time="0.000080"><failure message="expected: falsey value
     got: true" type="RSpec::Expectations::ExpectationNotMetError">Failure/Error: expect(true).to be_falsy

  expected: falsey value
       got: true
./spec/test_spec.rb:675:in `block (3 levels) in &lt;top (required)&gt;&apos;</failure></testcase>
<testcase classname="spec.test_spec" name="Test#subtract91 fails" file="./spec/test_spec.rb" time="0.000079"><failure message="expected: falsey value
     got: true" type="RSpec::Expectations::ExpectationNotMetError">Failure/Error: expect(true).to be_falsy

  expected: falsey value
       got: true
./spec/test_spec.rb:682:in `block (3 levels) in &lt;top (required)&gt;&apos;</failure></testcase>
<testcase classname="spec.test_spec" name="Test#subtract92 fails" file="./spec/test_spec.rb" time="0.000092"><failure message="expected: falsey value
     got: true" type="RSpec::Expectations::ExpectationNotMetError">Failure/Error: expect(true).to be_falsy

  expected: falsey value
       got: true
./spec/test_spec.rb:689:in `block (3 levels) in &lt;top (required)&gt;&apos;</failure></testcase>
<testcase classname="spec.test_spec" name="Test#subtract93 fails" file="./spec/test_spec.rb" time="0.000093"><failure message="expected: falsey value
     got: true" type="RSpec::Expectations::ExpectationNotMetError">Failure/Error: expect(true).to be_falsy

  expected: falsey value
       got: true
./spec/test_spec.rb:696:in `block (3 levels) in &lt;top (required)&gt;&apos;</failure></testcase>
<testcase classname="spec.test_spec" name="Test#subtract94 fails" file="./spec/test_spec.rb" time="0.000083"><failure message="expected: falsey value
     got: true" type="RSpec::Expectations::ExpectationNotMetError">Failure/Error: expect(true).to be_falsy

  expected: falsey value
       got: true
./spec/test_spec.rb:703:in `block (3 levels) in &lt;top (required)&gt;&apos;</failure></testcase>
<testcase classname="spec.test_spec" name="Test#subtract95 fails" file="./spec/test_spec.rb" time="0.000079"><failure message="expected: falsey value
     got: true" type="RSpec::Expectations::ExpectationNotMetError">Failure/Error: expect(true).to be_falsy

  expected: falsey value
       got: true
./spec/test_spec.rb:710:in `block (3 levels) in &lt;top (required)&gt;&apos;</failure></testcase>
<testcase classname="spec.test_spec" name="Test#subtract96 fails" file="./spec/test_spec.rb" time="0.000090"><failure message="expected: falsey value
     got: true" type="RSpec::Expectations::ExpectationNotMetError">Failure/Error: expect(true).to be_falsy

  expected: falsey value
       got: true
./spec/test_spec.rb:717:in `block (3 levels) in &lt;top (required)&gt;&apos;</failure></testcase>
<testcase classname="spec.test_spec" name="Test#subtract97 fails" file="./spec/test_spec.rb" time="0.000093"><failure message="expected: falsey value
     got: true" type="RSpec::Expectations::ExpectationNotMetError">Failure/Error: expect(true).to be_falsy

  expected: falsey value
       got: true
./spec/test_spec.rb:724:in `block (3 levels) in &lt;top (required)&gt;&apos;</failure></testcase>
<testcase classname="spec.test_spec" name="Test#subtract98 fails" file="./spec/test_spec.rb" time="0.000081"><failure message="expected: falsey value
     got: true" type="RSpec::Expectations::ExpectationNotMetError">Failure/Error: expect(true).to be_falsy

  expected: falsey value
       got: true
./spec/test_spec.rb:731:in `block (3 levels) in &lt;top (required)&gt;&apos;</failure></testcase>
<testcase classname="spec.test_spec" name="Test#subtract99 fails" file="./spec/test_spec.rb" time="0.000080"><failure message="expected: falsey value
     got: true" type="RSpec::Expectations::ExpectationNotMetError">Failure/Error: expect(true).to be_falsy

  expected: falsey value
       got: true
./spec/test_spec.rb:738:in `block (3 levels) in &lt;top (required)&gt;&apos;</failure></testcase>
<testcase classname="spec.test_spec" name="Test#subtract100 fails" file="./spec/test_spec.rb" time="0.000079"><failure message="expected: falsey value
     got: true" type="RSpec::Expectations::ExpectationNotMetError">Failure/Error: expect(true).to be_falsy

  expected: falsey value
       got: true
./spec/test_spec.rb:745:in `block (3 levels) in &lt;top (required)&gt;&apos;</failure></testcase>
<testcase classname="spec.test_spec" name="Test#subtract101 fails" file="./spec/test_spec.rb" time="0.000082"><failure message="expected: falsey value
     got: true" type="RSpec::Expectations::ExpectationNotMetError">Failure/Error: expect(true).to be_falsy

  expected: falsey value
       got: true
./spec/test_spec.rb:752:in `block (3 levels) in &lt;top (required)&gt;&apos;</failure></testcase>
<testcase classname="spec.test_spec" name="Test#subtract102 fails" file="./spec/test_spec.rb" time="0.000082"><failure message="expected: falsey value
     got: true" type="RSpec::Expectations::ExpectationNotMetError">Failure/Error: expect(true).to be_falsy

  expected: falsey value
       got: true
./spec/test_spec.rb:759:in `block (3 levels) in &lt;top (required)&gt;&apos;</failure></testcase>
<testcase classname="spec.test_spec" name="Test#subtract103 fails" file="./spec/test_spec.rb" time="0.000082"><failure message="expected: falsey value
     got: true" type="RSpec::Expectations::ExpectationNotMetError">Failure/Error: expect(true).to be_falsy

  expected: falsey value
       got: true
./spec/test_spec.rb:766:in `block (3 levels) in &lt;top (required)&gt;&apos;</failure></testcase>
<testcase classname="spec.test_spec" name="Test#subtract104 fails" file="./spec/test_spec.rb" time="0.000084"><failure message="expected: falsey value
     got: true" type="RSpec::Expectations::ExpectationNotMetError">Failure/Error: expect(true).to be_falsy

  expected: falsey value
       got: true
./spec/test_spec.rb:773:in `block (3 levels) in &lt;top (required)&gt;&apos;</failure></testcase>
<testcase classname="spec.test_spec" name="Test#subtract105 fails" file="./spec/test_spec.rb" time="0.000083"><failure message="expected: falsey value
     got: true" type="RSpec::Expectations::ExpectationNotMetError">Failure/Error: expect(true).to be_falsy

  expected: falsey value
       got: true
./spec/test_spec.rb:780:in `block (3 levels) in &lt;top (required)&gt;&apos;</failure></testcase>
<testcase classname="spec.test_spec" name="Test#subtract106 fails" file="./spec/test_spec.rb" time="0.000081"><failure message="expected: falsey value
     got: true" type="RSpec::Expectations::ExpectationNotMetError">Failure/Error: expect(true).to be_falsy

  expected: falsey value
       got: true
./spec/test_spec.rb:787:in `block (3 levels) in &lt;top (required)&gt;&apos;</failure></testcase>
<testcase classname="spec.test_spec" name="Test#subtract107 fails" file="./spec/test_spec.rb" time="0.000081"><failure message="expected: falsey value
     got: true" type="RSpec::Expectations::ExpectationNotMetError">Failure/Error: expect(true).to be_falsy

  expected: falsey value
       got: true
./spec/test_spec.rb:794:in `block (3 levels) in &lt;top (required)&gt;&apos;</failure></testcase>
<testcase classname="spec.test_spec" name="Test#subtract108 fails" file="./spec/test_spec.rb" time="0.000081"><failure message="expected: falsey value
     got: true" type="RSpec::Expectations::ExpectationNotMetError">Failure/Error: expect(true).to be_falsy

  expected: falsey value
       got: true
./spec/test_spec.rb:801:in `block (3 levels) in &lt;top (required)&gt;&apos;</failure></testcase>
<testcase classname="spec.test_spec" name="Test#subtract109 fails" file="./spec/test_spec.rb" time="0.000081"><failure message="expected: falsey value
     got: true" type="RSpec::Expectations::ExpectationNotMetError">Failure/Error: expect(true).to be_falsy

  expected: falsey value
       got: true
./spec/test_spec.rb:808:in `block (3 levels) in &lt;top (required)&gt;&apos;</failure></testcase>
<testcase classname="spec.test_spec" name="Test#subtract110 fails" file="./spec/test_spec.rb" time="0.000084"><failure message="expected: falsey value
     got: true" type="RSpec::Expectations::ExpectationNotMetError">Failure/Error: expect(true).to be_falsy

  expected: falsey value
       got: true
./spec/test_spec.rb:815:in `block (3 levels) in &lt;top (required)&gt;&apos;</failure></testcase>
<testcase classname="spec.test_spec" name="Test#subtract111 fails" file="./spec/test_spec.rb" time="0.000094"><failure message="expected: falsey value
     got: true" type="RSpec::Expectations::ExpectationNotMetError">Failure/Error: expect(true).to be_falsy

  expected: falsey value
       got: true
./spec/test_spec.rb:822:in `block (3 levels) in &lt;top (required)&gt;&apos;</failure></testcase>
<testcase classname="spec.test_spec" name="Test#subtract112 fails" file="./spec/test_spec.rb" time="0.000099"><failure message="expected: falsey value
     got: true" type="RSpec::Expectations::ExpectationNotMetError">Failure/Error: expect(true).to be_falsy

  expected: falsey value
       got: true
./spec/test_spec.rb:829:in `block (3 levels) in &lt;top (required)&gt;&apos;</failure></testcase>
<testcase classname="spec.test_spec" name="Test#subtract113 fails" file="./spec/test_spec.rb" time="0.000096"><failure message="expected: falsey value
     got: true" type="RSpec::Expectations::ExpectationNotMetError">Failure/Error: expect(true).to be_falsy

  expected: falsey value
       got: true
./spec/test_spec.rb:836:in `block (3 levels) in &lt;top (required)&gt;&apos;</failure></testcase>
<testcase classname="spec.test_spec" name="Test#subtract114 fails" file="./spec/test_spec.rb" time="0.000082"><failure message="expected: falsey value
     got: true" type="RSpec::Expectations::ExpectationNotMetError">Failure/Error: expect(true).to be_falsy

  expected: falsey value
       got: true
./spec/test_spec.rb:843:in `block (3 levels) in &lt;top (required)&gt;&apos;</failure></testcase>
<testcase classname="spec.test_spec" name="Test#subtract115 fails" file="./spec/test_spec.rb" time="0.000080"><failure message="expected: falsey value
     got: true" type="RSpec::Expectations::ExpectationNotMetError">Failure/Error: expect(true).to be_falsy

  expected: falsey value
       got: true
./spec/test_spec.rb:850:in `block (3 levels) in &lt;top (required)&gt;&apos;</failure></testcase>
<testcase classname="spec.test_spec" name="Test#subtract116 fails" file="./spec/test_spec.rb" time="0.000081"><failure message="expected: falsey value
     got: true" type="RSpec::Expectations::ExpectationNotMetError">Failure/Error: expect(true).to be_falsy

  expected: falsey value
       got: true
./spec/test_spec.rb:857:in `block (3 levels) in &lt;top (required)&gt;&apos;</failure></testcase>
<testcase classname="spec.test_spec" name="Test#subtract117 fails" file="./spec/test_spec.rb" time="0.000080"><failure message="expected: falsey value
     got: true" type="RSpec::Expectations::ExpectationNotMetError">Failure/Error: expect(true).to be_falsy

  expected: falsey value
       got: true
./spec/test_spec.rb:864:in `block (3 levels) in &lt;top (required)&gt;&apos;</failure></testcase>
<testcase classname="spec.test_spec" name="Test#subtract118 fails" file="./spec/test_spec.rb" time="0.000080"><failure message="expected: falsey value
     got: true" type="RSpec::Expectations::ExpectationNotMetError">Failure/Error: expect(true).to be_falsy

  expected: falsey value
       got: true
./spec/test_spec.rb:871:in `block (3 levels) in &lt;top (required)&gt;&apos;</failure></testcase>
<testcase classname="spec.test_spec" name="Test#subtract119 fails" file="./spec/test_spec.rb" time="0.000082"><failure message="expected: falsey value
     got: true" type="RSpec::Expectations::ExpectationNotMetError">Failure/Error: expect(true).to be_falsy

  expected: falsey value
       got: true
./spec/test_spec.rb:878:in `block (3 levels) in &lt;top (required)&gt;&apos;</failure></testcase>
<testcase classname="spec.test_spec" name="Test#subtract120 fails" file="./spec/test_spec.rb" time="0.000091"><failure message="expected: falsey value
     got: true" type="RSpec::Expectations::ExpectationNotMetError">Failure/Error: expect(true).to be_falsy

  expected: falsey value
       got: true
./spec/test_spec.rb:885:in `block (3 levels) in &lt;top (required)&gt;&apos;</failure></testcase>
<testcase classname="spec.test_spec" name="Test#subtract121 fails" file="./spec/test_spec.rb" time="0.000092"><failure message="expected: falsey value
     got: true" type="RSpec::Expectations::ExpectationNotMetError">Failure/Error: expect(true).to be_falsy

  expected: falsey value
       got: true
./spec/test_spec.rb:892:in `block (3 levels) in &lt;top (required)&gt;&apos;</failure></testcase>
<testcase classname="spec.test_spec" name="Test#subtract122 fails" file="./spec/test_spec.rb" time="0.000091"><failure message="expected: falsey value
     got: true" type="RSpec::Expectations::ExpectationNotMetError">Failure/Error: expect(true).to be_falsy

  expected: falsey value
       got: true
./spec/test_spec.rb:899:in `block (3 levels) in &lt;top (required)&gt;&apos;</failure></testcase>
<testcase classname="spec.test_spec" name="Test#subtract123 fails" file="./spec/test_spec.rb" time="0.000091"><failure message="expected: falsey value
     got: true" type="RSpec::Expectations::ExpectationNotMetError">Failure/Error: expect(true).to be_falsy

  expected: falsey value
       got: true
./spec/test_spec.rb:906:in `block (3 levels) in &lt;top (required)&gt;&apos;</failure></testcase>
<testcase classname="spec.test_spec" name="Test#subtract124 fails" file="./spec/test_spec.rb" time="0.000081"><failure message="expected: falsey value
     got: true" type="RSpec::Expectations::ExpectationNotMetError">Failure/Error: expect(true).to be_falsy

  expected: falsey value
       got: true
./spec/test_spec.rb:913:in `block (3 levels) in &lt;top (required)&gt;&apos;</failure></testcase>
<testcase classname="spec.test_spec" name="Test#subtract125 fails" file="./spec/test_spec.rb" time="0.000081"><failure message="expected: falsey value
     got: true" type="RSpec::Expectations::ExpectationNotMetError">Failure/Error: expect(true).to be_falsy

  expected: falsey value
       got: true
./spec/test_spec.rb:920:in `block (3 levels) in &lt;top (required)&gt;&apos;</failure></testcase>
<testcase classname="spec.test_spec" name="Test#subtract126 fails" file="./spec/test_spec.rb" time="0.000082"><failure message="expected: falsey value
     got: true" type="RSpec::Expectations::ExpectationNotMetError">Failure/Error: expect(true).to be_falsy

  expected: falsey value
       got: true
./spec/test_spec.rb:927:in `block (3 levels) in &lt;top (required)&gt;&apos;</failure></testcase>
<testcase classname="spec.test_spec" name="Test#subtract127 fails" file="./spec/test_spec.rb" time="0.000080"><failure message="expected: falsey value
     got: true" type="RSpec::Expectations::ExpectationNotMetError">Failure/Error: expect(true).to be_falsy

  expected: falsey value
       got: true
./spec/test_spec.rb:934:in `block (3 levels) in &lt;top (required)&gt;&apos;</failure></testcase>
<testcase classname="spec.test_spec" name="Test#subtract128 fails" file="./spec/test_spec.rb" time="0.000080"><failure message="expected: falsey value
     got: true" type="RSpec::Expectations::ExpectationNotMetError">Failure/Error: expect(true).to be_falsy

  expected: falsey value
       got: true
./spec/test_spec.rb:941:in `block (3 levels) in &lt;top (required)&gt;&apos;</failure></testcase>
<testcase classname="spec.test_spec" name="Test#subtract129 fails" file="./spec/test_spec.rb" time="0.000082"><failure message="expected: falsey value
     got: true" type="RSpec::Expectations::ExpectationNotMetError">Failure/Error: expect(true).to be_falsy

  expected: falsey value
       got: true
./spec/test_spec.rb:948:in `block (3 levels) in &lt;top (required)&gt;&apos;</failure></testcase>
<testcase classname="spec.test_spec" name="Test#subtract130 fails" file="./spec/test_spec.rb" time="0.000091"><failure message="expected: falsey value
     got: true" type="RSpec::Expectations::ExpectationNotMetError">Failure/Error: expect(true).to be_falsy

  expected: falsey value
       got: true
./spec/test_spec.rb:955:in `block (3 levels) in &lt;top (required)&gt;&apos;</failure></testcase>
<testcase classname="spec.test_spec" name="Test#subtract131 fails" file="./spec/test_spec.rb" time="0.000097"><failure message="expected: falsey value
     got: true" type="RSpec::Expectations::ExpectationNotMetError">Failure/Error: expect(true).to be_falsy

  expected: falsey value
       got: true
./spec/test_spec.rb:962:in `block (3 levels) in &lt;top (required)&gt;&apos;</failure></testcase>
<testcase classname="spec.test_spec" name="Test#subtract132 fails" file="./spec/test_spec.rb" time="0.000094"><failure message="expected: falsey value
     got: true" type="RSpec::Expectations::ExpectationNotMetError">Failure/Error: expect(true).to be_falsy

  expected: falsey value
       got: true
./spec/test_spec.rb:969:in `block (3 levels) in &lt;top (required)&gt;&apos;</failure></testcase>
<testcase classname="spec.test_spec" name="Test#subtract133 fails" file="./spec/test_spec.rb" time="0.000090"><failure message="expected: falsey value
     got: true" type="RSpec::Expectations::ExpectationNotMetError">Failure/Error: expect(true).to be_falsy

  expected: falsey value
       got: true
./spec/test_spec.rb:976:in `block (3 levels) in &lt;top (required)&gt;&apos;</failure></testcase>
<testcase classname="spec.test_spec" name="Test#subtract134 fails" file="./spec/test_spec.rb" time="0.000091"><failure message="expected: falsey value
     got: true" type="RSpec::Expectations::ExpectationNotMetError">Failure/Error: expect(true).to be_falsy

  expected: falsey value
       got: true
./spec/test_spec.rb:983:in `block (3 levels) in &lt;top (required)&gt;&apos;</failure></testcase>
<testcase classname="spec.test_spec" name="Test#subtract135 fails" file="./spec/test_spec.rb" time="0.000079"><failure message="expected: falsey value
     got: true" type="RSpec::Expectations::ExpectationNotMetError">Failure/Error: expect(true).to be_falsy

  expected: falsey value
       got: true
./spec/test_spec.rb:990:in `block (3 levels) in &lt;top (required)&gt;&apos;</failure></testcase>
<testcase classname="spec.test_spec" name="Test#subtract136 fails" file="./spec/test_spec.rb" time="0.000080"><failure message="expected: falsey value
     got: true" type="RSpec::Expectations::ExpectationNotMetError">Failure/Error: expect(true).to be_falsy

  expected: falsey value
       got: true
./spec/test_spec.rb:997:in `block (3 levels) in &lt;top (required)&gt;&apos;</failure></testcase>
<testcase classname="spec.test_spec" name="Test#subtract137 fails" file="./spec/test_spec.rb" time="0.000081"><failure message="expected: falsey value
     got: true" type="RSpec::Expectations::ExpectationNotMetError">Failure/Error: expect(true).to be_falsy

  expected: falsey value
       got: true
./spec/test_spec.rb:1004:in `block (3 levels) in &lt;top (required)&gt;&apos;</failure></testcase>
<testcase classname="spec.test_spec" name="Test#subtract138 fails" file="./spec/test_spec.rb" time="0.000082"><failure message="expected: falsey value
     got: true" type="RSpec::Expectations::ExpectationNotMetError">Failure/Error: expect(true).to be_falsy

  expected: falsey value
       got: true
./spec/test_spec.rb:1011:in `block (3 levels) in &lt;top (required)&gt;&apos;</failure></testcase>
<testcase classname="spec.test_spec" name="Test#subtract139 fails" file="./spec/test_spec.rb" time="0.000080"><failure message="expected: falsey value
     got: true" type="RSpec::Expectations::ExpectationNotMetError">Failure/Error: expect(true).to be_falsy

  expected: falsey value
       got: true
./spec/test_spec.rb:1018:in `block (3 levels) in &lt;top (required)&gt;&apos;</failure></testcase>
<testcase classname="spec.test_spec" name="Test#subtract140 fails" file="./spec/test_spec.rb" time="0.000080"><failure message="expected: falsey value
     got: true" type="RSpec::Expectations::ExpectationNotMetError">Failure/Error: expect(true).to be_falsy

  expected: falsey value
       got: true
./spec/test_spec.rb:1025:in `block (3 levels) in &lt;top (required)&gt;&apos;</failure></testcase>
<testcase classname="spec.test_spec" name="Test#subtract141 fails" file="./spec/test_spec.rb" time="0.000090"><failure message="expected: falsey value
     got: true" type="RSpec::Expectations::ExpectationNotMetError">Failure/Error: expect(true).to be_falsy

  expected: falsey value
       got: true
./spec/test_spec.rb:1032:in `block (3 levels) in &lt;top (required)&gt;&apos;</failure></testcase>
<testcase classname="spec.test_spec" name="Test#subtract142 fails" file="./spec/test_spec.rb" time="0.000091"><failure message="expected: falsey value
     got: true" type="RSpec::Expectations::ExpectationNotMetError">Failure/Error: expect(true).to be_falsy

  expected: falsey value
       got: true
./spec/test_spec.rb:1039:in `block (3 levels) in &lt;top (required)&gt;&apos;</failure></testcase>
<testcase classname="spec.test_spec" name="Test#subtract143 fails" file="./spec/test_spec.rb" time="0.000090"><failure message="expected: falsey value
     got: true" type="RSpec::Expectations::ExpectationNotMetError">Failure/Error: expect(true).to be_falsy

  expected: falsey value
       got: true
./spec/test_spec.rb:1046:in `block (3 levels) in &lt;top (required)&gt;&apos;</failure></testcase>
<testcase classname="spec.test_spec" name="Test#subtract144 fails" file="./spec/test_spec.rb" time="0.000090"><failure message="expected: falsey value
     got: true" type="RSpec::Expectations::ExpectationNotMetError">Failure/Error: expect(true).to be_falsy

  expected: falsey value
       got: true
./spec/test_spec.rb:1053:in `block (3 levels) in &lt;top (required)&gt;&apos;</failure></testcase>
<testcase classname="spec.test_spec" name="Test#subtract145 fails" file="./spec/test_spec.rb" time="0.000081"><failure message="expected: falsey value
     got: true" type="RSpec::Expectations::ExpectationNotMetError">Failure/Error: expect(true).to be_falsy

  expected: falsey value
       got: true
./spec/test_spec.rb:1060:in `block (3 levels) in &lt;top (required)&gt;&apos;</failure></testcase>
<testcase classname="spec.test_spec" name="Test#subtract146 fails" file="./spec/test_spec.rb" time="0.000080"><failure message="expected: falsey value
     got: true" type="RSpec::Expectations::ExpectationNotMetError">Failure/Error: expect(true).to be_falsy

  expected: falsey value
       got: true
./spec/test_spec.rb:1067:in `block (3 levels) in &lt;top (required)&gt;&apos;</failure></testcase>
<testcase classname="spec.test_spec" name="Test#subtract147 fails" file="./spec/test_spec.rb" time="0.000080"><failure message="expected: falsey value
     got: true" type="RSpec::Expectations::ExpectationNotMetError">Failure/Error: expect(true).to be_falsy

  expected: falsey value
       got: true
./spec/test_spec.rb:1074:in `block (3 levels) in &lt;top (required)&gt;&apos;</failure></testcase>
<testcase classname="spec.test_spec" name="Test#subtract148 fails" file="./spec/test_spec.rb" time="0.000082"><failure message="expected: falsey value
     got: true" type="RSpec::Expectations::ExpectationNotMetError">Failure/Error: expect(true).to be_falsy

  expected: falsey value
       got: true
./spec/test_spec.rb:1081:in `block (3 levels) in &lt;top (required)&gt;&apos;</failure></testcase>
<testcase classname="spec.test_spec" name="Test#subtract149 fails" file="./spec/test_spec.rb" time="0.000080"><failure message="expected: falsey value
     got: true" type="RSpec::Expectations::ExpectationNotMetError">Failure/Error: expect(true).to be_falsy

  expected: falsey value
       got: true
./spec/test_spec.rb:1088:in `block (3 levels) in &lt;top (required)&gt;&apos;</failure></testcase>
<testcase classname="spec.test_spec" name="Test#subtract150 fails" file="./spec/test_spec.rb" time="0.000080"><failure message="expected: falsey value
     got: true" type="RSpec::Expectations::ExpectationNotMetError">Failure/Error: expect(true).to be_falsy

  expected: falsey value
       got: true
./spec/test_spec.rb:1095:in `block (3 levels) in &lt;top (required)&gt;&apos;</failure></testcase>
<testcase classname="spec.test_spec" name="Test#subtract151 fails" file="./spec/test_spec.rb" time="0.000095"><failure message="expected: falsey value
     got: true" type="RSpec::Expectations::ExpectationNotMetError">Failure/Error: expect(true).to be_falsy

  expected: falsey value
       got: true
./spec/test_spec.rb:1102:in `block (3 levels) in &lt;top (required)&gt;&apos;</failure></testcase>
<testcase classname="spec.test_spec" name="Test#subtract152 fails" file="./spec/test_spec.rb" time="0.000091"><failure message="expected: falsey value
     got: true" type="RSpec::Expectations::ExpectationNotMetError">Failure/Error: expect(true).to be_falsy

  expected: falsey value
       got: true
./spec/test_spec.rb:1109:in `block (3 levels) in &lt;top (required)&gt;&apos;</failure></testcase>
<testcase classname="spec.test_spec" name="Test#subtract153 fails" file="./spec/test_spec.rb" time="0.000091"><failure message="expected: falsey value
     got: true" type="RSpec::Expectations::ExpectationNotMetError">Failure/Error: expect(true).to be_falsy

  expected: falsey value
       got: true
./spec/test_spec.rb:1116:in `block (3 levels) in &lt;top (required)&gt;&apos;</failure></testcase>
<testcase classname="spec.test_spec" name="Test#subtract154 fails" file="./spec/test_spec.rb" time="0.000090"><failure message="expected: falsey value
     got: true" type="RSpec::Expectations::ExpectationNotMetError">Failure/Error: expect(true).to be_falsy

  expected: falsey value
       got: true
./spec/test_spec.rb:1123:in `block (3 levels) in &lt;top (required)&gt;&apos;</failure></testcase>
<testcase classname="spec.test_spec" name="Test#subtract155 fails" file="./spec/test_spec.rb" time="0.000089"><failure message="expected: falsey value
     got: true" type="RSpec::Expectations::ExpectationNotMetError">Failure/Error: expect(true).to be_falsy

  expected: falsey value
       got: true
./spec/test_spec.rb:1130:in `block (3 levels) in &lt;top (required)&gt;&apos;</failure></testcase>
<testcase classname="spec.test_spec" name="Test#subtract156 fails" file="./spec/test_spec.rb" time="0.000086"><failure message="expected: falsey value
     got: true" type="RSpec::Expectations::ExpectationNotMetError">Failure/Error: expect(true).to be_falsy

  expected: falsey value
       got: true
./spec/test_spec.rb:1137:in `block (3 levels) in &lt;top (required)&gt;&apos;</failure></testcase>
<testcase classname="spec.test_spec" name="Test#subtract157 fails" file="./spec/test_spec.rb" time="0.000083"><failure message="expected: falsey value
     got: true" type="RSpec::Expectations::ExpectationNotMetError">Failure/Error: expect(true).to be_falsy

  expected: falsey value
       got: true
./spec/test_spec.rb:1144:in `block (3 levels) in &lt;top (required)&gt;&apos;</failure></testcase>
<testcase classname="spec.test_spec" name="Test#subtract158 fails" file="./spec/test_spec.rb" time="0.000080"><failure message="expected: falsey value
     got: true" type="RSpec::Expectations::ExpectationNotMetError">Failure/Error: expect(true).to be_falsy

  expected: falsey value
       got: true
./spec/test_spec.rb:1151:in `block (3 levels) in &lt;top (required)&gt;&apos;</failure></testcase>
<testcase classname="spec.test_spec" name="Test#subtract159 fails" file="./spec/test_spec.rb" time="0.000080"><failure message="expected: falsey value
     got: true" type="RSpec::Expectations::ExpectationNotMetError">Failure/Error: expect(true).to be_falsy

  expected: falsey value
       got: true
./spec/test_spec.rb:1158:in `block (3 levels) in &lt;top (required)&gt;&apos;</failure></testcase>
<testcase classname="spec.test_spec" name="Test#subtract160 fails" file="./spec/test_spec.rb" time="0.000082"><failure message="expected: falsey value
     got: true" type="RSpec::Expectations::ExpectationNotMetError">Failure/Error: expect(true).to be_falsy

  expected: falsey value
       got: true
./spec/test_spec.rb:1165:in `block (3 levels) in &lt;top (required)&gt;&apos;</failure></testcase>
<testcase classname="spec.test_spec" name="Test#subtract161 fails" file="./spec/test_spec.rb" time="0.000081"><failure message="expected: falsey value
     got: true" type="RSpec::Expectations::ExpectationNotMetError">Failure/Error: expect(true).to be_falsy

  expected: falsey value
       got: true
./spec/test_spec.rb:1172:in `block (3 levels) in &lt;top (required)&gt;&apos;</failure></testcase>
<testcase classname="spec.test_spec" name="Test#subtract162 fails" file="./spec/test_spec.rb" time="0.000091"><failure message="expected: falsey value
     got: true" type="RSpec::Expectations::ExpectationNotMetError">Failure/Error: expect(true).to be_falsy

  expected: falsey value
       got: true
./spec/test_spec.rb:1179:in `block (3 levels) in &lt;top (required)&gt;&apos;</failure></testcase>
<testcase classname="spec.test_spec" name="Test#subtract163 fails" file="./spec/test_spec.rb" time="0.000096"><failure message="expected: falsey value
     got: true" type="RSpec::Expectations::ExpectationNotMetError">Failure/Error: expect(true).to be_falsy

  expected: falsey value
       got: true
./spec/test_spec.rb:1186:in `block (3 levels) in &lt;top (required)&gt;&apos;</failure></testcase>
<testcase classname="spec.test_spec" name="Test#subtract164 fails" file="./spec/test_spec.rb" time="0.000098"><failure message="expected: falsey value
     got: true" type="RSpec::Expectations::ExpectationNotMetError">Failure/Error: expect(true).to be_falsy

  expected: falsey value
       got: true
./spec/test_spec.rb:1193:in `block (3 levels) in &lt;top (required)&gt;&apos;</failure></testcase>
<testcase classname="spec.test_spec" name="Test#subtract165 fails" file="./spec/test_spec.rb" time="0.000084"><failure message="expected: falsey value
     got: true" type="RSpec::Expectations::ExpectationNotMetError">Failure/Error: expect(true).to be_falsy

  expected: falsey value
       got: true
./spec/test_spec.rb:1200:in `block (3 levels) in &lt;top (required)&gt;&apos;</failure></testcase>
<testcase classname="spec.test_spec" name="Test#subtract166 fails" file="./spec/test_spec.rb" time="0.000081"><failure message="expected: falsey value
     got: true" type="RSpec::Expectations::ExpectationNotMetError">Failure/Error: expect(true).to be_falsy

  expected: falsey value
       got: true
./spec/test_spec.rb:1207:in `block (3 levels) in &lt;top (required)&gt;&apos;</failure></testcase>
<testcase classname="spec.test_spec" name="Test#subtract167 fails" file="./spec/test_spec.rb" time="0.000079"><failure message="expected: falsey value
     got: true" type="RSpec::Expectations::ExpectationNotMetError">Failure/Error: expect(true).to be_falsy

  expected: falsey value
       got: true
./spec/test_spec.rb:1214:in `block (3 levels) in &lt;top (required)&gt;&apos;</failure></testcase>
<testcase classname="spec.test_spec" name="Test#subtract168 fails" file="./spec/test_spec.rb" time="0.000079"><failure message="expected: falsey value
     got: true" type="RSpec::Expectations::ExpectationNotMetError">Failure/Error: expect(true).to be_falsy

  expected: falsey value
       got: true
./spec/test_spec.rb:1221:in `block (3 levels) in &lt;top (required)&gt;&apos;</failure></testcase>
<testcase classname="spec.test_spec" name="Test#subtract169 fails" file="./spec/test_spec.rb" time="0.000081"><failure message="expected: falsey value
     got: true" type="RSpec::Expectations::ExpectationNotMetError">Failure/Error: expect(true).to be_falsy

  expected: falsey value
       got: true
./spec/test_spec.rb:1228:in `block (3 levels) in &lt;top (required)&gt;&apos;</failure></testcase>
<testcase classname="spec.test_spec" name="Test#subtract170 fails" file="./spec/test_spec.rb" time="0.000081"><failure message="expected: falsey value
     got: true" type="RSpec::Expectations::ExpectationNotMetError">Failure/Error: expect(true).to be_falsy

  expected: falsey value
       got: true
./spec/test_spec.rb:1235:in `block (3 levels) in &lt;top (required)&gt;&apos;</failure></testcase>
<testcase classname="spec.test_spec" name="Test#subtract171 fails" file="./spec/test_spec.rb" time="0.000083"><failure message="expected: falsey value
     got: true" type="RSpec::Expectations::ExpectationNotMetError">Failure/Error: expect(true).to be_falsy

  expected: falsey value
       got: true
./spec/test_spec.rb:1242:in `block (3 levels) in &lt;top (required)&gt;&apos;</failure></testcase>
<testcase classname="spec.test_spec" name="Test#subtract172 fails" file="./spec/test_spec.rb" time="0.000079"><failure message="expected: falsey value
     got: true" type="RSpec::Expectations::ExpectationNotMetError">Failure/Error: expect(true).to be_falsy

  expected: falsey value
       got: true
./spec/test_spec.rb:1249:in `block (3 levels) in &lt;top (required)&gt;&apos;</failure></testcase>
<testcase classname="spec.test_spec" name="Test#subtract173 fails" file="./spec/test_spec.rb" time="0.000082"><failure message="expected: falsey value
     got: true" type="RSpec::Expectations::ExpectationNotMetError">Failure/Error: expect(true).to be_falsy

  expected: falsey value
       got: true
./spec/test_spec.rb:1256:in `block (3 levels) in &lt;top (required)&gt;&apos;</failure></testcase>
<testcase classname="spec.test_spec" name="Test#subtract174 fails" file="./spec/test_spec.rb" time="0.000101"><failure message="expected: falsey value
     got: true" type="RSpec::Expectations::ExpectationNotMetError">Failure/Error: expect(true).to be_falsy

  expected: falsey value
       got: true
./spec/test_spec.rb:1263:in `block (3 levels) in &lt;top (required)&gt;&apos;</failure></testcase>
<testcase classname="spec.test_spec" name="Test#subtract175 fails" file="./spec/test_spec.rb" time="0.000097"><failure message="expected: falsey value
     got: true" type="RSpec::Expectations::ExpectationNotMetError">Failure/Error: expect(true).to be_falsy

  expected: falsey value
       got: true
./spec/test_spec.rb:1270:in `block (3 levels) in &lt;top (required)&gt;&apos;</failure></testcase>
<testcase classname="spec.test_spec" name="Test#subtract176 fails" file="./spec/test_spec.rb" time="0.000094"><failure message="expected: falsey value
     got: true" type="RSpec::Expectations::ExpectationNotMetError">Failure/Error: expect(true).to be_falsy

  expected: falsey value
       got: true
./spec/test_spec.rb:1277:in `block (3 levels) in &lt;top (required)&gt;&apos;</failure></testcase>
<testcase classname="spec.test_spec" name="Test#subtract177 fails" file="./spec/test_spec.rb" time="0.000089"><failure message="expected: falsey value
     got: true" type="RSpec::Expectations::ExpectationNotMetError">Failure/Error: expect(true).to be_falsy

  expected: falsey value
       got: true
./spec/test_spec.rb:1284:in `block (3 levels) in &lt;top (required)&gt;&apos;</failure></testcase>
<testcase classname="spec.test_spec" name="Test#subtract178 fails" file="./spec/test_spec.rb" time="0.000080"><failure message="expected: falsey value
     got: true" type="RSpec::Expectations::ExpectationNotMetError">Failure/Error: expect(true).to be_falsy

  expected: falsey value
       got: true
./spec/test_spec.rb:1291:in `block (3 levels) in &lt;top (required)&gt;&apos;</failure></testcase>
<testcase classname="spec.test_spec" name="Test#subtract179 fails" file="./spec/test_spec.rb" time="0.000080"><failure message="expected: falsey value
     got: true" type="RSpec::Expectations::ExpectationNotMetError">Failure/Error: expect(true).to be_falsy

  expected: falsey value
       got: true
./spec/test_spec.rb:1298:in `block (3 levels) in &lt;top (required)&gt;&apos;</failure></testcase>
<testcase classname="spec.test_spec" name="Test#subtract180 fails" file="./spec/test_spec.rb" time="0.000080"><failure message="expected: falsey value
     got: true" type="RSpec::Expectations::ExpectationNotMetError">Failure/Error: expect(true).to be_falsy

  expected: falsey value
       got: true
./spec/test_spec.rb:1305:in `block (3 levels) in &lt;top (required)&gt;&apos;</failure></testcase>
<testcase classname="spec.test_spec" name="Test#subtract181 fails" file="./spec/test_spec.rb" time="0.000086"><failure message="expected: falsey value
     got: true" type="RSpec::Expectations::ExpectationNotMetError">Failure/Error: expect(true).to be_falsy

  expected: falsey value
       got: true
./spec/test_spec.rb:1312:in `block (3 levels) in &lt;top (required)&gt;&apos;</failure></testcase>
<testcase classname="spec.test_spec" name="Test#subtract182 fails" file="./spec/test_spec.rb" time="0.000081"><failure message="expected: falsey value
     got: true" type="RSpec::Expectations::ExpectationNotMetError">Failure/Error: expect(true).to be_falsy

  expected: falsey value
       got: true
./spec/test_spec.rb:1319:in `block (3 levels) in &lt;top (required)&gt;&apos;</failure></testcase>
<testcase classname="spec.test_spec" name="Test#subtract183 fails" file="./spec/test_spec.rb" time="0.000081"><failure message="expected: falsey value
     got: true" type="RSpec::Expectations::ExpectationNotMetError">Failure/Error: expect(true).to be_falsy

  expected: falsey value
       got: true
./spec/test_spec.rb:1326:in `block (3 levels) in &lt;top (required)&gt;&apos;</failure></testcase>
<testcase classname="spec.test_spec" name="Test#subtract184 fails" file="./spec/test_spec.rb" time="0.000088"><failure message="expected: falsey value
     got: true" type="RSpec::Expectations::ExpectationNotMetError">Failure/Error: expect(true).to be_falsy

  expected: falsey value
       got: true
./spec/test_spec.rb:1333:in `block (3 levels) in &lt;top (required)&gt;&apos;</failure></testcase>
<testcase classname="spec.test_spec" name="Test#subtract185 fails" file="./spec/test_spec.rb" time="0.000092"><failure message="expected: falsey value
     got: true" type="RSpec::Expectations::ExpectationNotMetError">Failure/Error: expect(true).to be_falsy

  expected: falsey value
       got: true
./spec/test_spec.rb:1340:in `block (3 levels) in &lt;top (required)&gt;&apos;</failure></testcase>
<testcase classname="spec.test_spec" name="Test#subtract186 fails" file="./spec/test_spec.rb" time="0.000090"><failure message="expected: falsey value
     got: true" type="RSpec::Expectations::ExpectationNotMetError">Failure/Error: expect(true).to be_falsy

  expected: falsey value
       got: true
./spec/test_spec.rb:1347:in `block (3 levels) in &lt;top (required)&gt;&apos;</failure></testcase>
<testcase classname="spec.test_spec" name="Test#subtract187 fails" file="./spec/test_spec.rb" time="0.000080"><failure message="expected: falsey value
     got: true" type="RSpec::Expectations::ExpectationNotMetError">Failure/Error: expect(true).to be_falsy

  expected: falsey value
       got: true
./spec/test_spec.rb:1354:in `block (3 levels) in &lt;top (required)&gt;&apos;</failure></testcase>
<testcase classname="spec.test_spec" name="Test#subtract188 fails" file="./spec/test_spec.rb" time="0.000090"><failure message="expected: falsey value
     got: true" type="RSpec::Expectations::ExpectationNotMetError">Failure/Error: expect(true).to be_falsy

  expected: falsey value
       got: true
./spec/test_spec.rb:1361:in `block (3 levels) in &lt;top (required)&gt;&apos;</failure></testcase>
<testcase classname="spec.test_spec" name="Test#subtract189 fails" file="./spec/test_spec.rb" time="0.000088"><failure message="expected: falsey value
     got: true" type="RSpec::Expectations::ExpectationNotMetError">Failure/Error: expect(true).to be_falsy

  expected: falsey value
       got: true
./spec/test_spec.rb:1368:in `block (3 levels) in &lt;top (required)&gt;&apos;</failure></testcase>
<testcase classname="spec.test_spec" name="Test#subtract190 fails" file="./spec/test_spec.rb" time="0.000089"><failure message="expected: falsey value
     got: true" type="RSpec::Expectations::ExpectationNotMetError">Failure/Error: expect(true).to be_falsy

  expected: falsey value
       got: true
./spec/test_spec.rb:1375:in `block (3 levels) in &lt;top (required)&gt;&apos;</failure></testcase>
<testcase classname="spec.test_spec" name="Test#subtract191 fails" file="./spec/test_spec.rb" time="0.000086"><failure message="expected: falsey value
     got: true" type="RSpec::Expectations::ExpectationNotMetError">Failure/Error: expect(true).to be_falsy

  expected: falsey value
       got: true
./spec/test_spec.rb:1382:in `block (3 levels) in &lt;top (required)&gt;&apos;</failure></testcase>
<testcase classname="spec.test_spec" name="Test#subtract192 fails" file="./spec/test_spec.rb" time="0.000081"><failure message="expected: falsey value
     got: true" type="RSpec::Expectations::ExpectationNotMetError">Failure/Error: expect(true).to be_falsy

  expected: falsey value
       got: true
./spec/test_spec.rb:1389:in `block (3 levels) in &lt;top (required)&gt;&apos;</failure></testcase>
<testcase classname="spec.test_spec" name="Test#subtract193 fails" file="./spec/test_spec.rb" time="0.000085"><failure message="expected: falsey value
     got: true" type="RSpec::Expectations::ExpectationNotMetError">Failure/Error: expect(true).to be_falsy

  expected: falsey value
       got: true
./spec/test_spec.rb:1396:in `block (3 levels) in &lt;top (required)&gt;&apos;</failure></testcase>
<testcase classname="spec.test_spec" name="Test#subtract194 fails" file="./spec/test_spec.rb" time="0.000080"><failure message="expected: falsey value
     got: true" type="RSpec::Expectations::ExpectationNotMetError">Failure/Error: expect(true).to be_falsy

  expected: falsey value
       got: true
./spec/test_spec.rb:1403:in `block (3 levels) in &lt;top (required)&gt;&apos;</failure></testcase>
<testcase classname="spec.test_spec" name="Test#subtract195 fails" file="./spec/test_spec.rb" time="0.000080"><failure message="expected: falsey value
     got: true" type="RSpec::Expectations::ExpectationNotMetError">Failure/Error: expect(true).to be_falsy

  expected: falsey value
       got: true
./spec/test_spec.rb:1410:in `block (3 levels) in &lt;top (required)&gt;&apos;</failure></testcase>
<testcase classname="spec.test_spec" name="Test#subtract196 fails" file="./spec/test_spec.rb" time="0.000080"><failure message="expected: falsey value
     got: true" type="RSpec::Expectations::ExpectationNotMetError">Failure/Error: expect(true).to be_falsy

  expected: falsey value
       got: true
./spec/test_spec.rb:1417:in `block (3 levels) in &lt;top (required)&gt;&apos;</failure></testcase>
<testcase classname="spec.test_spec" name="Test#subtract197 fails" file="./spec/test_spec.rb" time="0.000079"><failure message="expected: falsey value
     got: true" type="RSpec::Expectations::ExpectationNotMetError">Failure/Error: expect(true).to be_falsy

  expected: falsey value
       got: true
./spec/test_spec.rb:1424:in `block (3 levels) in &lt;top (required)&gt;&apos;</failure></testcase>
<testcase classname="spec.test_spec" name="Test#subtract198 fails" file="./spec/test_spec.rb" time="0.000079"><failure message="expected: falsey value
     got: true" type="RSpec::Expectations::ExpectationNotMetError">Failure/Error: expect(true).to be_falsy

  expected: falsey value
       got: true
./spec/test_spec.rb:1431:in `block (3 levels) in &lt;top (required)&gt;&apos;</failure></testcase>
<testcase classname="spec.test_spec" name="Test#subtract199 fails" file="./spec/test_spec.rb" time="0.000086"><failure message="expected: falsey value
[...]
     got: true" type="RSpec::Expectations::ExpectationNotMetError">Failure/Error: expect(true).to be_falsy

  expected: falsey value
       got: true
./spec/test_spec.rb:6702:in `block (3 levels) in &lt;top (required)&gt;&apos;</failure></testcase>
<testcase classname="spec.test_spec" name="Test#subtract952 fails" file="./spec/test_spec.rb" time="0.000089"><failure message="expected: falsey value
     got: true" type="RSpec::Expectations::ExpectationNotMetError">Failure/Error: expect(true).to be_falsy

  expected: falsey value
       got: true
./spec/test_spec.rb:6709:in `block (3 levels) in &lt;top (required)&gt;&apos;</failure></testcase>
<testcase classname="spec.test_spec" name="Test#subtract953 fails" file="./spec/test_spec.rb" time="0.000081"><failure message="expected: falsey value
     got: true" type="RSpec::Expectations::ExpectationNotMetError">Failure/Error: expect(true).to be_falsy

  expected: falsey value
       got: true
./spec/test_spec.rb:6716:in `block (3 levels) in &lt;top (required)&gt;&apos;</failure></testcase>
<testcase classname="spec.test_spec" name="Test#subtract954 fails" file="./spec/test_spec.rb" time="0.000092"><failure message="expected: falsey value
     got: true" type="RSpec::Expectations::ExpectationNotMetError">Failure/Error: expect(true).to be_falsy

  expected: falsey value
       got: true
./spec/test_spec.rb:6723:in `block (3 levels) in &lt;top (required)&gt;&apos;</failure></testcase>
<testcase classname="spec.test_spec" name="Test#subtract955 fails" file="./spec/test_spec.rb" time="0.000086"><failure message="expected: falsey value
     got: true" type="RSpec::Expectations::ExpectationNotMetError">Failure/Error: expect(true).to be_falsy

  expected: falsey value
       got: true
./spec/test_spec.rb:6730:in `block (3 levels) in &lt;top (required)&gt;&apos;</failure></testcase>
<testcase classname="spec.test_spec" name="Test#subtract956 fails" file="./spec/test_spec.rb" time="0.000090"><failure message="expected: falsey value
     got: true" type="RSpec::Expectations::ExpectationNotMetError">Failure/Error: expect(true).to be_falsy

  expected: falsey value
       got: true
./spec/test_spec.rb:6737:in `block (3 levels) in &lt;top (required)&gt;&apos;</failure></testcase>
<testcase classname="spec.test_spec" name="Test#subtract957 fails" file="./spec/test_spec.rb" time="0.000082"><failure message="expected: falsey value
     got: true" type="RSpec::Expectations::ExpectationNotMetError">Failure/Error: expect(true).to be_falsy

  expected: falsey value
       got: true
./spec/test_spec.rb:6744:in `block (3 levels) in &lt;top (required)&gt;&apos;</failure></testcase>
<testcase classname="spec.test_spec" name="Test#subtract958 fails" file="./spec/test_spec.rb" time="0.000089"><failure message="expected: falsey value
     got: true" type="RSpec::Expectations::ExpectationNotMetError">Failure/Error: expect(true).to be_falsy

  expected: falsey value
       got: true
./spec/test_spec.rb:6751:in `block (3 levels) in &lt;top (required)&gt;&apos;</failure></testcase>
<testcase classname="spec.test_spec" name="Test#subtract959 fails" file="./spec/test_spec.rb" time="0.000090"><failure message="expected: falsey value
     got: true" type="RSpec::Expectations::ExpectationNotMetError">Failure/Error: expect(true).to be_falsy

  expected: falsey value
       got: true
./spec/test_spec.rb:6758:in `block (3 levels) in &lt;top (required)&gt;&apos;</failure></testcase>
<testcase classname="spec.test_spec" name="Test#subtract960 fails" file="./spec/test_spec.rb" time="0.000088"><failure message="expected: falsey value
     got: true" type="RSpec::Expectations::ExpectationNotMetError">Failure/Error: expect(true).to be_falsy

  expected: falsey value
       got: true
./spec/test_spec.rb:6765:in `block (3 levels) in &lt;top (required)&gt;&apos;</failure></testcase>
<testcase classname="spec.test_spec" name="Test#subtract961 fails" file="./spec/test_spec.rb" time="0.000094"><failure message="expected: falsey value
     got: true" type="RSpec::Expectations::ExpectationNotMetError">Failure/Error: expect(true).to be_falsy

  expected: falsey value
       got: true
./spec/test_spec.rb:6772:in `block (3 levels) in &lt;top (required)&gt;&apos;</failure></testcase>
<testcase classname="spec.test_spec" name="Test#subtract962 fails" file="./spec/test_spec.rb" time="0.000086"><failure message="expected: falsey value
     got: true" type="RSpec::Expectations::ExpectationNotMetError">Failure/Error: expect(true).to be_falsy

  expected: falsey value
       got: true
./spec/test_spec.rb:6779:in `block (3 levels) in &lt;top (required)&gt;&apos;</failure></testcase>
<testcase classname="spec.test_spec" name="Test#subtract963 fails" file="./spec/test_spec.rb" time="0.000089"><failure message="expected: falsey value
     got: true" type="RSpec::Expectations::ExpectationNotMetError">Failure/Error: expect(true).to be_falsy

  expected: falsey value
       got: true
./spec/test_spec.rb:6786:in `block (3 levels) in &lt;top (required)&gt;&apos;</failure></testcase>
<testcase classname="spec.test_spec" name="Test#subtract964 fails" file="./spec/test_spec.rb" time="0.000086"><failure message="expected: falsey value
     got: true" type="RSpec::Expectations::ExpectationNotMetError">Failure/Error: expect(true).to be_falsy

  expected: falsey value
       got: true
./spec/test_spec.rb:6793:in `block (3 levels) in &lt;top (required)&gt;&apos;</failure></testcase>
<testcase classname="spec.test_spec" name="Test#subtract965 fails" file="./spec/test_spec.rb" time="0.000088"><failure message="expected: falsey value
     got: true" type="RSpec::Expectations::ExpectationNotMetError">Failure/Error: expect(true).to be_falsy

  expected: falsey value
       got: true
./spec/test_spec.rb:6800:in `block (3 levels) in &lt;top (required)&gt;&apos;</failure></testcase>
<testcase classname="spec.test_spec" name="Test#subtract966 fails" file="./spec/test_spec.rb" time="0.000088"><failure message="expected: falsey value
     got: true" type="RSpec::Expectations::ExpectationNotMetError">Failure/Error: expect(true).to be_falsy

  expected: falsey value
       got: true
./spec/test_spec.rb:6807:in `block (3 levels) in &lt;top (required)&gt;&apos;</failure></testcase>
<testcase classname="spec.test_spec" name="Test#subtract967 fails" file="./spec/test_spec.rb" time="0.000097"><failure message="expected: falsey value
     got: true" type="RSpec::Expectations::ExpectationNotMetError">Failure/Error: expect(true).to be_falsy

  expected: falsey value
       got: true
./spec/test_spec.rb:6814:in `block (3 levels) in &lt;top (required)&gt;&apos;</failure></testcase>
<testcase classname="spec.test_spec" name="Test#subtract968 fails" file="./spec/test_spec.rb" time="0.000087"><failure message="expected: falsey value
     got: true" type="RSpec::Expectations::ExpectationNotMetError">Failure/Error: expect(true).to be_falsy

  expected: falsey value
       got: true
./spec/test_spec.rb:6821:in `block (3 levels) in &lt;top (required)&gt;&apos;</failure></testcase>
<testcase classname="spec.test_spec" name="Test#subtract969 fails" file="./spec/test_spec.rb" time="0.000085"><failure message="expected: falsey value
     got: true" type="RSpec::Expectations::ExpectationNotMetError">Failure/Error: expect(true).to be_falsy

  expected: falsey value
       got: true
./spec/test_spec.rb:6828:in `block (3 levels) in &lt;top (required)&gt;&apos;</failure></testcase>
<testcase classname="spec.test_spec" name="Test#subtract970 fails" file="./spec/test_spec.rb" time="0.000090"><failure message="expected: falsey value
     got: true" type="RSpec::Expectations::ExpectationNotMetError">Failure/Error: expect(true).to be_falsy

  expected: falsey value
       got: true
./spec/test_spec.rb:6835:in `block (3 levels) in &lt;top (required)&gt;&apos;</failure></testcase>
<testcase classname="spec.test_spec" name="Test#subtract971 fails" file="./spec/test_spec.rb" time="0.000091"><failure message="expected: falsey value
     got: true" type="RSpec::Expectations::ExpectationNotMetError">Failure/Error: expect(true).to be_falsy

  expected: falsey value
       got: true
./spec/test_spec.rb:6842:in `block (3 levels) in &lt;top (required)&gt;&apos;</failure></testcase>
<testcase classname="spec.test_spec" name="Test#subtract972 fails" file="./spec/test_spec.rb" time="0.000081"><failure message="expected: falsey value
     got: true" type="RSpec::Expectations::ExpectationNotMetError">Failure/Error: expect(true).to be_falsy

  expected: falsey value
       got: true
./spec/test_spec.rb:6849:in `block (3 levels) in &lt;top (required)&gt;&apos;</failure></testcase>
<testcase classname="spec.test_spec" name="Test#subtract973 fails" file="./spec/test_spec.rb" time="0.000086"><failure message="expected: falsey value
     got: true" type="RSpec::Expectations::ExpectationNotMetError">Failure/Error: expect(true).to be_falsy

  expected: falsey value
       got: true
./spec/test_spec.rb:6856:in `block (3 levels) in &lt;top (required)&gt;&apos;</failure></testcase>
<testcase classname="spec.test_spec" name="Test#subtract974 fails" file="./spec/test_spec.rb" time="0.000081"><failure message="expected: falsey value
     got: true" type="RSpec::Expectations::ExpectationNotMetError">Failure/Error: expect(true).to be_falsy

  expected: falsey value
       got: true
./spec/test_spec.rb:6863:in `block (3 levels) in &lt;top (required)&gt;&apos;</failure></testcase>
<testcase classname="spec.test_spec" name="Test#subtract975 fails" file="./spec/test_spec.rb" time="0.000089"><failure message="expected: falsey value
     got: true" type="RSpec::Expectations::ExpectationNotMetError">Failure/Error: expect(true).to be_falsy

  expected: falsey value
       got: true
./spec/test_spec.rb:6870:in `block (3 levels) in &lt;top (required)&gt;&apos;</failure></testcase>
<testcase classname="spec.test_spec" name="Test#subtract976 fails" file="./spec/test_spec.rb" time="0.000091"><failure message="expected: falsey value
     got: true" type="RSpec::Expectations::ExpectationNotMetError">Failure/Error: expect(true).to be_falsy

  expected: falsey value
       got: true
./spec/test_spec.rb:6877:in `block (3 levels) in &lt;top (required)&gt;&apos;</failure></testcase>
<testcase classname="spec.test_spec" name="Test#subtract977 fails" file="./spec/test_spec.rb" time="0.000080"><failure message="expected: falsey value
     got: true" type="RSpec::Expectations::ExpectationNotMetError">Failure/Error: expect(true).to be_falsy

  expected: falsey value
       got: true
./spec/test_spec.rb:6884:in `block (3 levels) in &lt;top (required)&gt;&apos;</failure></testcase>
<testcase classname="spec.test_spec" name="Test#subtract978 fails" file="./spec/test_spec.rb" time="0.000089"><failure message="expected: falsey value
     got: true" type="RSpec::Expectations::ExpectationNotMetError">Failure/Error: expect(true).to be_falsy

  expected: falsey value
       got: true
./spec/test_spec.rb:6891:in `block (3 levels) in &lt;top (required)&gt;&apos;</failure></testcase>
<testcase classname="spec.test_spec" name="Test#subtract979 fails" file="./spec/test_spec.rb" time="0.000091"><failure message="expected: falsey value
     got: true" type="RSpec::Expectations::ExpectationNotMetError">Failure/Error: expect(true).to be_falsy

  expected: falsey value
       got: true
./spec/test_spec.rb:6898:in `block (3 levels) in &lt;top (required)&gt;&apos;</failure></testcase>
<testcase classname="spec.test_spec" name="Test#subtract980 fails" file="./spec/test_spec.rb" time="0.000090"><failure message="expected: falsey value
     got: true" type="RSpec::Expectations::ExpectationNotMetError">Failure/Error: expect(true).to be_falsy

  expected: falsey value
       got: true
./spec/test_spec.rb:6905:in `block (3 levels) in &lt;top (required)&gt;&apos;</failure></testcase>
<testcase classname="spec.test_spec" name="Test#subtract981 fails" file="./spec/test_spec.rb" time="0.000090"><failure message="expected: falsey value
     got: true" type="RSpec::Expectations::ExpectationNotMetError">Failure/Error: expect(true).to be_falsy

  expected: falsey value
       got: true
./spec/test_spec.rb:6912:in `block (3 levels) in &lt;top (required)&gt;&apos;</failure></testcase>
<testcase classname="spec.test_spec" name="Test#subtract982 fails" file="./spec/test_spec.rb" time="0.000087"><failure message="expected: falsey value
     got: true" type="RSpec::Expectations::ExpectationNotMetError">Failure/Error: expect(true).to be_falsy

  expected: falsey value
       got: true
./spec/test_spec.rb:6919:in `block (3 levels) in &lt;top (required)&gt;&apos;</failure></testcase>
<testcase classname="spec.test_spec" name="Test#subtract983 fails" file="./spec/test_spec.rb" time="0.000097"><failure message="expected: falsey value
     got: true" type="RSpec::Expectations::ExpectationNotMetError">Failure/Error: expect(true).to be_falsy

  expected: falsey value
       got: true
./spec/test_spec.rb:6926:in `block (3 levels) in &lt;top (required)&gt;&apos;</failure></testcase>
<testcase classname="spec.test_spec" name="Test#subtract984 fails" file="./spec/test_spec.rb" time="0.000080"><failure message="expected: falsey value
     got: true" type="RSpec::Expectations::ExpectationNotMetError">Failure/Error: expect(true).to be_falsy

  expected: falsey value
       got: true
./spec/test_spec.rb:6933:in `block (3 levels) in &lt;top (required)&gt;&apos;</failure></testcase>
<testcase classname="spec.test_spec" name="Test#subtract985 fails" file="./spec/test_spec.rb" time="0.000081"><failure message="expected: falsey value
     got: true" type="RSpec::Expectations::ExpectationNotMetError">Failure/Error: expect(true).to be_falsy

  expected: falsey value
       got: true
./spec/test_spec.rb:6940:in `block (3 levels) in &lt;top (required)&gt;&apos;</failure></testcase>
<testcase classname="spec.test_spec" name="Test#subtract986 fails" file="./spec/test_spec.rb" time="0.000100"><failure message="expected: falsey value
     got: true" type="RSpec::Expectations::ExpectationNotMetError">Failure/Error: expect(true).to be_falsy

  expected: falsey value
       got: true
./spec/test_spec.rb:6947:in `block (3 levels) in &lt;top (required)&gt;&apos;</failure></testcase>
<testcase classname="spec.test_spec" name="Test#subtract987 fails" file="./spec/test_spec.rb" time="0.000098"><failure message="expected: falsey value
     got: true" type="RSpec::Expectations::ExpectationNotMetError">Failure/Error: expect(true).to be_falsy

  expected: falsey value
       got: true
./spec/test_spec.rb:6954:in `block (3 levels) in &lt;top (required)&gt;&apos;</failure></testcase>
<testcase classname="spec.test_spec" name="Test#subtract988 fails" file="./spec/test_spec.rb" time="0.000079"><failure message="expected: falsey value
     got: true" type="RSpec::Expectations::ExpectationNotMetError">Failure/Error: expect(true).to be_falsy

  expected: falsey value
       got: true
./spec/test_spec.rb:6961:in `block (3 levels) in &lt;top (required)&gt;&apos;</failure></testcase>
<testcase classname="spec.test_spec" name="Test#subtract989 fails" file="./spec/test_spec.rb" time="0.000081"><failure message="expected: falsey value
     got: true" type="RSpec::Expectations::ExpectationNotMetError">Failure/Error: expect(true).to be_falsy

  expected: falsey value
       got: true
./spec/test_spec.rb:6968:in `block (3 levels) in &lt;top (required)&gt;&apos;</failure></testcase>
<testcase classname="spec.test_spec" name="Test#subtract990 fails" file="./spec/test_spec.rb" time="0.000081"><failure message="expected: falsey value
     got: true" type="RSpec::Expectations::ExpectationNotMetError">Failure/Error: expect(true).to be_falsy

  expected: falsey value
       got: true
./spec/test_spec.rb:6975:in `block (3 levels) in &lt;top (required)&gt;&apos;</failure></testcase>
<testcase classname="spec.test_spec" name="Test#subtract991 fails" file="./spec/test_spec.rb" time="0.000113"><failure message="expected: falsey value
     got: true" type="RSpec::Expectations::ExpectationNotMetError">Failure/Error: expect(true).to be_falsy

  expected: falsey value
       got: true
./spec/test_spec.rb:6982:in `block (3 levels) in &lt;top (required)&gt;&apos;</failure></testcase>
<testcase classname="spec.test_spec" name="Test#subtract992 fails" file="./spec/test_spec.rb" time="0.000078"><failure message="expected: falsey value
     got: true" type="RSpec::Expectations::ExpectationNotMetError">Failure/Error: expect(true).to be_falsy

  expected: falsey value
       got: true
./spec/test_spec.rb:6989:in `block (3 levels) in &lt;top (required)&gt;&apos;</failure></testcase>
<testcase classname="spec.test_spec" name="Test#subtract993 fails" file="./spec/test_spec.rb" time="0.000079"><failure message="expected: falsey value
     got: true" type="RSpec::Expectations::ExpectationNotMetError">Failure/Error: expect(true).to be_falsy

  expected: falsey value
       got: true
./spec/test_spec.rb:6996:in `block (3 levels) in &lt;top (required)&gt;&apos;</failure></testcase>
<testcase classname="spec.test_spec" name="Test#subtract994 fails" file="./spec/test_spec.rb" time="0.000081"><failure message="expected: falsey value
     got: true" type="RSpec::Expectations::ExpectationNotMetError">Failure/Error: expect(true).to be_falsy

  expected: falsey value
       got: true
./spec/test_spec.rb:7003:in `block (3 levels) in &lt;top (required)&gt;&apos;</failure></testcase>
<testcase classname="spec.test_spec" name="Test#subtract995 fails" file="./spec/test_spec.rb" time="0.000104"><failure message="expected: falsey value
     got: true" type="RSpec::Expectations::ExpectationNotMetError">Failure/Error: expect(true).to be_falsy

  expected: falsey value
       got: true
./spec/test_spec.rb:7010:in `block (3 levels) in &lt;top (required)&gt;&apos;</failure></testcase>
<testcase classname="spec.test_spec" name="Test#subtract996 fails" file="./spec/test_spec.rb" time="0.000079"><failure message="expected: falsey value
     got: true" type="RSpec::Expectations::ExpectationNotMetError">Failure/Error: expect(true).to be_falsy

  expected: falsey value
       got: true
./spec/test_spec.rb:7017:in `block (3 levels) in &lt;top (required)&gt;&apos;</failure></testcase>
<testcase classname="spec.test_spec" name="Test#subtract997 fails" file="./spec/test_spec.rb" time="0.000081"><failure message="expected: falsey value
     got: true" type="RSpec::Expectations::ExpectationNotMetError">Failure/Error: expect(true).to be_falsy

  expected: falsey value
       got: true
./spec/test_spec.rb:7024:in `block (3 levels) in &lt;top (required)&gt;&apos;</failure></testcase>
<testcase classname="spec.test_spec" name="Test#subtract998 fails" file="./spec/test_spec.rb" time="0.000080"><failure message="expected: falsey value
     got: true" type="RSpec::Expectations::ExpectationNotMetError">Failure/Error: expect(true).to be_falsy

  expected: falsey value
       got: true
./spec/test_spec.rb:7031:in `block (3 levels) in &lt;top (required)&gt;&apos;</failure></testcase>
<testcase classname="spec.test_spec" name="Test#subtract999 fails" file="./spec/test_spec.rb" time="0.000097"><failure message="expected: falsey value
     got: true" type="RSpec::Expectations::ExpectationNotMetError">Failure/Error: expect(true).to be_falsy

  expected: falsey value
       got: true
./spec/test_spec.rb:7038:in `block (3 levels) in &lt;top (required)&gt;&apos;</failure></testcase>
<testcase classname="spec.test_spec" name="Test#subtract1000 fails" file="./spec/test_spec.rb" time="0.000078"><failure message="expected: falsey value
     got: true" type="RSpec::Expectations::ExpectationNotMetError">Failure/Error: expect(true).to be_falsy

  expected: falsey value
       got: true
./spec/test_spec.rb:7045:in `block (3 levels) in &lt;top (required)&gt;&apos;</failure></testcase>
</testsuite>
